# JRE version: Java(TM) SE Runtime Environment (8.0_181-b13) (build 1.8.0_181-b13)
# Java VM: Java HotSpot(TM) 64-Bit Server VM (25.181-b13 mixed mode windows-amd64 compressed oops)
Heap:
 PSYoungGen      total 51712K, used 17841K [0x00000000eb580000, 0x00000000ef300000, 0x0000000100000000)
  eden space 47104K, 28% used [0x00000000eb580000,0x00000000ec28a9c8,0x00000000ee380000)
  from space 4608K, 97% used [0x00000000ee380000,0x00000000ee7e1c98,0x00000000ee800000)
  to   space 5632K, 0% used [0x00000000eed80000,0x00000000eed80000,0x00000000ef300000)
 ParOldGen       total 497664K, used 377585K [0x00000000c2000000, 0x00000000e0600000, 0x00000000eb580000)
  object space 497664K, 75% used [0x00000000c2000000,0x00000000d90bc4f0,0x00000000e0600000)
 Metaspace       used 16498K, capacity 16782K, committed 17024K, reserved 1064960K
  class space    used 1969K, capacity 2059K, committed 2176K, reserved 1048576K
GC Heap History (10 events):
Event: 5.368 GC heap before
{Heap before GC invocations=13 (full 3):
 PSYoungGen      total 46080K, used 45813K [0x00000000eb580000, 0x00000000ee980000, 0x0000000100000000)
  eden space 41984K, 100% used [0x00000000eb580000,0x00000000ede80000,0x00000000ede80000)
  from space 4096K, 93% used [0x00000000ee380000,0x00000000ee73d4a0,0x00000000ee780000)
  to   space 5120K, 0% used [0x00000000ede80000,0x00000000ede80000,0x00000000ee380000)
 ParOldGen       total 280064K, used 255731K [0x00000000c2000000, 0x00000000d3180000, 0x00000000eb580000)
  object space 280064K, 91% used [0x00000000c2000000,0x00000000d19bcf70,0x00000000d3180000)
 Metaspace       used 11262K, capacity 11488K, committed 11776K, reserved 1058816K
  class space    used 1372K, capacity 1454K, committed 1536K, reserved 1048576K
Event: 5.453 GC heap after
Heap after GC invocations=13 (full 3):
 PSYoungGen      total 46080K, used 0K [0x00000000eb580000, 0x00000000ee980000, 0x0000000100000000)
  eden space 41984K, 0% used [0x00000000eb580000,0x00000000eb580000,0x00000000ede80000)
  from space 4096K, 0% used [0x00000000ee380000,0x00000000ee380000,0x00000000ee780000)
  to   space 5120K, 0% used [0x00000000ede80000,0x00000000ede80000,0x00000000ee380000)
 ParOldGen       total 371200K, used 265419K [0x00000000c2000000, 0x00000000d8a80000, 0x00000000eb580000)
  object space 371200K, 71% used [0x00000000c2000000,0x00000000d2332db0,0x00000000d8a80000)
 Metaspace       used 11262K, capacity 11488K, committed 11776K, reserved 1058816K
  class space    used 1372K, capacity 1454K, committed 1536K, reserved 1048576K
}
Event: 5.598 GC heap before
{Heap before GC invocations=14 (full 3):
 PSYoungGen      total 46080K, used 41984K [0x00000000eb580000, 0x00000000ee980000, 0x0000000100000000)
  eden space 41984K, 100% used [0x00000000eb580000,0x00000000ede80000,0x00000000ede80000)
  from space 4096K, 0% used [0x00000000ee380000,0x00000000ee380000,0x00000000ee780000)
  to   space 5120K, 0% used [0x00000000ede80000,0x00000000ede80000,0x00000000ee380000)
 ParOldGen       total 371200K, used 265419K [0x00000000c2000000, 0x00000000d8a80000, 0x00000000eb580000)
  object space 371200K, 71% used [0x00000000c2000000,0x00000000d2332db0,0x00000000d8a80000)
 Metaspace       used 11262K, capacity 11488K, committed 11776K, reserved 1058816K
  class space    used 1372K, capacity 1454K, committed 1536K, reserved 1048576K
Event: 5.601 GC heap after
Heap after GC invocations=14 (full 3):
 PSYoungGen      total 47104K, used 0K [0x00000000eb580000, 0x00000000eee00000, 0x0000000100000000)
  eden space 41984K, 0% used [0x00000000eb580000,0x00000000eb580000,0x00000000ede80000)
  from space 5120K, 0% used [0x00000000ede80000,0x00000000ede80000,0x00000000ee380000)
  to   space 4608K, 0% used [0x00000000ee980000,0x00000000ee980000,0x00000000eee00000)
 ParOldGen       total 371200K, used 265419K [0x00000000c2000000, 0x00000000d8a80000, 0x00000000eb580000)
  object space 371200K, 71% used [0x00000000c2000000,0x00000000d2332db0,0x00000000d8a80000)
 Metaspace       used 11262K, capacity 11488K, committed 11776K, reserved 1058816K
  class space    used 1372K, capacity 1454K, committed 1536K, reserved 1048576K
}
Event: 6.283 GC heap before
{Heap before GC invocations=15 (full 4):
 PSYoungGen      total 47104K, used 41984K [0x00000000eb580000, 0x00000000eee00000, 0x0000000100000000)
  eden space 41984K, 100% used [0x00000000eb580000,0x00000000ede80000,0x00000000ede80000)
  from space 5120K, 0% used [0x00000000ede80000,0x00000000ede80000,0x00000000ee380000)
  to   space 4608K, 0% used [0x00000000ee980000,0x00000000ee980000,0x00000000eee00000)
 ParOldGen       total 371200K, used 359169K [0x00000000c2000000, 0x00000000d8a80000, 0x00000000eb580000)
  object space 371200K, 96% used [0x00000000c2000000,0x00000000d7ec05c0,0x00000000d8a80000)
 Metaspace       used 11273K, capacity 11488K, committed 11776K, reserved 1058816K
  class space    used 1373K, capacity 1454K, committed 1536K, reserved 1048576K
Event: 6.329 GC heap after
Heap after GC invocations=15 (full 4):
 PSYoungGen      total 47104K, used 0K [0x00000000eb580000, 0x00000000eee00000, 0x0000000100000000)
  eden space 41984K, 0% used [0x00000000eb580000,0x00000000eb580000,0x00000000ede80000)
  from space 5120K, 0% used [0x00000000ede80000,0x00000000ede80000,0x00000000ee380000)
  to   space 4608K, 0% used [0x00000000ee980000,0x00000000ee980000,0x00000000eee00000)
 ParOldGen       total 497664K, used 362892K [0x00000000c2000000, 0x00000000e0600000, 0x00000000eb580000)
  object space 497664K, 72% used [0x00000000c2000000,0x00000000d82632b0,0x00000000e0600000)
 Metaspace       used 11273K, capacity 11488K, committed 11776K, reserved 1058816K
  class space    used 1373K, capacity 1454K, committed 1536K, reserved 1048576K
}
Event: 6.520 GC heap before
{Heap before GC invocations=16 (full 4):
 PSYoungGen      total 47104K, used 41984K [0x00000000eb580000, 0x00000000eee00000, 0x0000000100000000)
  eden space 41984K, 100% used [0x00000000eb580000,0x00000000ede80000,0x00000000ede80000)
  from space 5120K, 0% used [0x00000000ede80000,0x00000000ede80000,0x00000000ee380000)
  to   space 4608K, 0% used [0x00000000ee980000,0x00000000ee980000,0x00000000eee00000)
 ParOldGen       total 497664K, used 362892K [0x00000000c2000000, 0x00000000e0600000, 0x00000000eb580000)
  object space 497664K, 72% used [0x00000000c2000000,0x00000000d82632b0,0x00000000e0600000)
 Metaspace       used 11273K, capacity 11488K, committed 11776K, reserved 1058816K
  class space    used 1373K, capacity 1454K, committed 1536K, reserved 1048576K
Event: 6.523 GC heap after
Heap after GC invocations=16 (full 4):
 PSYoungGen      total 50176K, used 0K [0x00000000eb580000, 0x00000000eec80000, 0x0000000100000000)
  eden space 47104K, 0% used [0x00000000eb580000,0x00000000eb580000,0x00000000ee380000)
  from space 3072K, 0% used [0x00000000ee980000,0x00000000ee980000,0x00000000eec80000)
  to   space 4608K, 0% used [0x00000000ee380000,0x00000000ee380000,0x00000000ee800000)
 ParOldGen       total 497664K, used 362892K [0x00000000c2000000, 0x00000000e0600000, 0x00000000eb580000)
  object space 497664K, 72% used [0x00000000c2000000,0x00000000d82632b0,0x00000000e0600000)
 Metaspace       used 11273K, capacity 11488K, committed 11776K, reserved 1058816K
  class space    used 1373K, capacity 1454K, committed 1536K, reserved 1048576K
}
Event: 19.700 GC heap before
{Heap before GC invocations=17 (full 4):
 PSYoungGen      total 50176K, used 47104K [0x00000000eb580000, 0x00000000eec80000, 0x0000000100000000)
  eden space 47104K, 100% used [0x00000000eb580000,0x00000000ee380000,0x00000000ee380000)
  from space 3072K, 0% used [0x00000000ee980000,0x00000000ee980000,0x00000000eec80000)
  to   space 4608K, 0% used [0x00000000ee380000,0x00000000ee380000,0x00000000ee800000)
 ParOldGen       total 497664K, used 362892K [0x00000000c2000000, 0x00000000e0600000, 0x00000000eb580000)
  object space 497664K, 72% used [0x00000000c2000000,0x00000000d82632b0,0x00000000e0600000)
 Metaspace       used 12726K, capacity 13028K, committed 13184K, reserved 1060864K
  class space    used 1572K, capacity 1662K, committed 1664K, reserved 1048576K
Event: 19.709 GC heap after
Heap after GC invocations=17 (full 4):
 PSYoungGen      total 51712K, used 4487K [0x00000000eb580000, 0x00000000ef300000, 0x0000000100000000)
  eden space 47104K, 0% used [0x00000000eb580000,0x00000000eb580000,0x00000000ee380000)
  from space 4608K, 97% used [0x00000000ee380000,0x00000000ee7e1c98,0x00000000ee800000)
  to   space 5632K, 0% used [0x00000000eed80000,0x00000000eed80000,0x00000000ef300000)
 ParOldGen       total 497664K, used 377585K [0x00000000c2000000, 0x00000000e0600000, 0x00000000eb580000)
  object space 497664K, 75% used [0x00000000c2000000,0x00000000d90bc4f0,0x00000000e0600000)
 Metaspace       used 12726K, capacity 13028K, committed 13184K, reserved 1060864K
  class space    used 1572K, capacity 1662K, committed 1664K, reserved 1048576K
}

