# JRE version: Java(TM) SE Runtime Environment (8.0_181-b13) (build 1.8.0_181-b13)
# Java VM: Java HotSpot(TM) 64-Bit Server VM (25.181-b13 mixed mode windows-amd64 compressed oops)
Heap:
 PSYoungGen      total 52736K, used 33666K [0x00000000eb580000, 0x00000000f0380000, 0x0000000100000000)
  eden space 39424K, 58% used [0x00000000eb580000,0x00000000ecc071b0,0x00000000edc00000)
  from space 13312K, 79% used [0x00000000edc00000,0x00000000ee6599c8,0x00000000ee900000)
  to   space 14848K, 0% used [0x00000000ef500000,0x00000000ef500000,0x00000000f0380000)
 ParOldGen       total 233472K, used 189306K [0x00000000c2000000, 0x00000000d0400000, 0x00000000eb580000)
  object space 233472K, 81% used [0x00000000c2000000,0x00000000cd8de980,0x00000000d0400000)
 Metaspace       used 11684K, capacity 11930K, committed 12032K, reserved 1060864K
  class space    used 1375K, capacity 1451K, committed 1536K, reserved 1048576K
GC Heap History (10 events):
Event: 2.297 GC heap before
{Heap before GC invocations=7 (full 2):
 PSYoungGen      total 32256K, used 608K [0x00000000eb580000, 0x00000000ede00000, 0x0000000100000000)
  eden space 29696K, 0% used [0x00000000eb580000,0x00000000eb580000,0x00000000ed280000)
  from space 2560K, 23% used [0x00000000ed280000,0x00000000ed318000,0x00000000ed500000)
  to   space 1536K, 0% used [0x00000000edc80000,0x00000000edc80000,0x00000000ede00000)
 ParOldGen       total 124928K, used 96677K [0x00000000c2000000, 0x00000000c9a00000, 0x00000000eb580000)
  object space 124928K, 77% used [0x00000000c2000000,0x00000000c7e69628,0x00000000c9a00000)
 Metaspace       used 9734K, capacity 9922K, committed 10112K, reserved 1058816K
  class space    used 1224K, capacity 1321K, committed 1408K, reserved 1048576K
Event: 2.314 GC heap after
Heap after GC invocations=7 (full 2):
 PSYoungGen      total 32256K, used 0K [0x00000000eb580000, 0x00000000ede00000, 0x0000000100000000)
  eden space 29696K, 0% used [0x00000000eb580000,0x00000000eb580000,0x00000000ed280000)
  from space 2560K, 0% used [0x00000000ed280000,0x00000000ed280000,0x00000000ed500000)
  to   space 1536K, 0% used [0x00000000edc80000,0x00000000edc80000,0x00000000ede00000)
 ParOldGen       total 163328K, used 83397K [0x00000000c2000000, 0x00000000cbf80000, 0x00000000eb580000)
  object space 163328K, 51% used [0x00000000c2000000,0x00000000c71714d0,0x00000000cbf80000)
 Metaspace       used 9734K, capacity 9922K, committed 10112K, reserved 1058816K
  class space    used 1224K, capacity 1321K, committed 1408K, reserved 1048576K
}
Event: 6.796 GC heap before
{Heap before GC invocations=8 (full 2):
 PSYoungGen      total 32256K, used 26490K [0x00000000eb580000, 0x00000000ede00000, 0x0000000100000000)
  eden space 29696K, 89% used [0x00000000eb580000,0x00000000ecf5eaf0,0x00000000ed280000)
  from space 2560K, 0% used [0x00000000ed280000,0x00000000ed280000,0x00000000ed500000)
  to   space 1536K, 0% used [0x00000000edc80000,0x00000000edc80000,0x00000000ede00000)
 ParOldGen       total 163328K, used 83397K [0x00000000c2000000, 0x00000000cbf80000, 0x00000000eb580000)
  object space 163328K, 51% used [0x00000000c2000000,0x00000000c71714d0,0x00000000cbf80000)
 Metaspace       used 10444K, capacity 10600K, committed 10880K, reserved 1058816K
  class space    used 1272K, capacity 1354K, committed 1408K, reserved 1048576K
Event: 6.801 GC heap after
Heap after GC invocations=8 (full 2):
 PSYoungGen      total 31232K, used 1520K [0x00000000eb580000, 0x00000000eef80000, 0x0000000100000000)
  eden space 29696K, 0% used [0x00000000eb580000,0x00000000eb580000,0x00000000ed280000)
  from space 1536K, 98% used [0x00000000edc80000,0x00000000eddfc010,0x00000000ede00000)
  to   space 10240K, 0% used [0x00000000ed280000,0x00000000ed280000,0x00000000edc80000)
 ParOldGen       total 163328K, used 97741K [0x00000000c2000000, 0x00000000cbf80000, 0x00000000eb580000)
  object space 163328K, 59% used [0x00000000c2000000,0x00000000c7f734f0,0x00000000cbf80000)
 Metaspace       used 10444K, capacity 10600K, committed 10880K, reserved 1058816K
  class space    used 1272K, capacity 1354K, committed 1408K, reserved 1048576K
}
Event: 7.270 GC heap before
{Heap before GC invocations=9 (full 2):
 PSYoungGen      total 31232K, used 31216K [0x00000000eb580000, 0x00000000eef80000, 0x0000000100000000)
  eden space 29696K, 100% used [0x00000000eb580000,0x00000000ed280000,0x00000000ed280000)
  from space 1536K, 98% used [0x00000000edc80000,0x00000000eddfc010,0x00000000ede00000)
  to   space 10240K, 0% used [0x00000000ed280000,0x00000000ed280000,0x00000000edc80000)
 ParOldGen       total 233472K, used 167725K [0x00000000c2000000, 0x00000000d0400000, 0x00000000eb580000)
  object space 233472K, 71% used [0x00000000c2000000,0x00000000cc3cb500,0x00000000d0400000)
 Metaspace       used 10574K, capacity 10798K, committed 10880K, reserved 1058816K
  class space    used 1280K, capacity 1355K, committed 1408K, reserved 1048576K
Event: 7.277 GC heap after
Heap after GC invocations=9 (full 2):
 PSYoungGen      total 39936K, used 8980K [0x00000000eb580000, 0x00000000ef500000, 0x0000000100000000)
  eden space 29696K, 0% used [0x00000000eb580000,0x00000000eb580000,0x00000000ed280000)
  from space 10240K, 87% used [0x00000000ed280000,0x00000000edb45130,0x00000000edc80000)
  to   space 12288K, 0% used [0x00000000ee900000,0x00000000ee900000,0x00000000ef500000)
 ParOldGen       total 233472K, used 174789K [0x00000000c2000000, 0x00000000d0400000, 0x00000000eb580000)
  object space 233472K, 74% used [0x00000000c2000000,0x00000000ccab1510,0x00000000d0400000)
 Metaspace       used 10574K, capacity 10798K, committed 10880K, reserved 1058816K
  class space    used 1280K, capacity 1355K, committed 1408K, reserved 1048576K
}
Event: 7.460 GC heap before
{Heap before GC invocations=10 (full 2):
 PSYoungGen      total 39936K, used 38676K [0x00000000eb580000, 0x00000000ef500000, 0x0000000100000000)
  eden space 29696K, 100% used [0x00000000eb580000,0x00000000ed280000,0x00000000ed280000)
  from space 10240K, 87% used [0x00000000ed280000,0x00000000edb45130,0x00000000edc80000)
  to   space 12288K, 0% used [0x00000000ee900000,0x00000000ee900000,0x00000000ef500000)
 ParOldGen       total 233472K, used 174789K [0x00000000c2000000, 0x00000000d0400000, 0x00000000eb580000)
  object space 233472K, 74% used [0x00000000c2000000,0x00000000ccab1510,0x00000000d0400000)
 Metaspace       used 10575K, capacity 10798K, committed 10880K, reserved 1058816K
  class space    used 1280K, capacity 1355K, committed 1408K, reserved 1048576K
Event: 7.467 GC heap after
Heap after GC invocations=10 (full 2):
 PSYoungGen      total 51712K, used 8948K [0x00000000eb580000, 0x00000000efb00000, 0x0000000100000000)
  eden space 39424K, 0% used [0x00000000eb580000,0x00000000eb580000,0x00000000edc00000)
  from space 12288K, 72% used [0x00000000ee900000,0x00000000ef1bd130,0x00000000ef500000)
  to   space 13312K, 0% used [0x00000000edc00000,0x00000000edc00000,0x00000000ee900000)
 ParOldGen       total 233472K, used 181853K [0x00000000c2000000, 0x00000000d0400000, 0x00000000eb580000)
  object space 233472K, 77% used [0x00000000c2000000,0x00000000cd197520,0x00000000d0400000)
 Metaspace       used 10575K, capacity 10798K, committed 10880K, reserved 1058816K
  class space    used 1280K, capacity 1355K, committed 1408K, reserved 1048576K
}
Event: 11.104 GC heap before
{Heap before GC invocations=11 (full 2):
 PSYoungGen      total 51712K, used 48372K [0x00000000eb580000, 0x00000000efb00000, 0x0000000100000000)
  eden space 39424K, 100% used [0x00000000eb580000,0x00000000edc00000,0x00000000edc00000)
  from space 12288K, 72% used [0x00000000ee900000,0x00000000ef1bd130,0x00000000ef500000)
  to   space 13312K, 0% used [0x00000000edc00000,0x00000000edc00000,0x00000000ee900000)
 ParOldGen       total 233472K, used 181853K [0x00000000c2000000, 0x00000000d0400000, 0x00000000eb580000)
  object space 233472K, 77% used [0x00000000c2000000,0x00000000cd197520,0x00000000d0400000)
 Metaspace       used 11495K, capacity 11706K, committed 12032K, reserved 1060864K
  class space    used 1351K, capacity 1419K, committed 1536K, reserved 1048576K
Event: 11.116 GC heap after
Heap after GC invocations=11 (full 2):
 PSYoungGen      total 52736K, used 10598K [0x00000000eb580000, 0x00000000f0380000, 0x0000000100000000)
  eden space 39424K, 0% used [0x00000000eb580000,0x00000000eb580000,0x00000000edc00000)
  from space 13312K, 79% used [0x00000000edc00000,0x00000000ee6599c8,0x00000000ee900000)
  to   space 14848K, 0% used [0x00000000ef500000,0x00000000ef500000,0x00000000f0380000)
 ParOldGen       total 233472K, used 189306K [0x00000000c2000000, 0x00000000d0400000, 0x00000000eb580000)
  object space 233472K, 81% used [0x00000000c2000000,0x00000000cd8de980,0x00000000d0400000)
 Metaspace       used 11495K, capacity 11706K, committed 12032K, reserved 1060864K
  class space    used 1351K, capacity 1419K, committed 1536K, reserved 1048576K
}

