# JRE version: Java(TM) SE Runtime Environment (8.0_181-b13) (build 1.8.0_181-b13)
# Java VM: Java HotSpot(TM) 64-Bit Server VM (25.181-b13 mixed mode windows-amd64 compressed oops)
Heap:
 PSYoungGen      total 40448K, used 34946K [0x00000000eb580000, 0x00000000ee380000, 0x0000000100000000)
  eden space 37888K, 92% used [0x00000000eb580000,0x00000000ed7a0a68,0x00000000eda80000)
  from space 2560K, 0% used [0x00000000ee100000,0x00000000ee100000,0x00000000ee380000)
  to   space 4608K, 0% used [0x00000000eda80000,0x00000000eda80000,0x00000000edf00000)
 ParOldGen       total 278016K, used 269003K [0x00000000c2000000, 0x00000000d2f80000, 0x00000000eb580000)
  object space 278016K, 96% used [0x00000000c2000000,0x00000000d26b2c98,0x00000000d2f80000)
 Metaspace       used 18074K, capacity 18336K, committed 18688K, reserved 1064960K
  class space    used 2217K, capacity 2278K, committed 2304K, reserved 1048576K
GC Heap History (10 events):
Event: 7.055 GC heap before
{Heap before GC invocations=14 (full 3):
 PSYoungGen      total 39936K, used 39703K [0x00000000eb580000, 0x00000000ee580000, 0x0000000100000000)
  eden space 35840K, 100% used [0x00000000eb580000,0x00000000ed880000,0x00000000ed880000)
  from space 4096K, 94% used [0x00000000ed880000,0x00000000edc45c90,0x00000000edc80000)
  to   space 4608K, 0% used [0x00000000ee100000,0x00000000ee100000,0x00000000ee580000)
 ParOldGen       total 278016K, used 259468K [0x00000000c2000000, 0x00000000d2f80000, 0x00000000eb580000)
  object space 278016K, 93% used [0x00000000c2000000,0x00000000d1d63310,0x00000000d2f80000)
 Metaspace       used 11491K, capacity 11704K, committed 11776K, reserved 1058816K
  class space    used 1409K, capacity 1486K, committed 1536K, reserved 1048576K
Event: 7.176 GC heap after
Heap after GC invocations=14 (full 3):
 PSYoungGen      total 39936K, used 0K [0x00000000eb580000, 0x00000000ee580000, 0x0000000100000000)
  eden space 35840K, 0% used [0x00000000eb580000,0x00000000eb580000,0x00000000ed880000)
  from space 4096K, 0% used [0x00000000ed880000,0x00000000ed880000,0x00000000edc80000)
  to   space 4608K, 0% used [0x00000000ee100000,0x00000000ee100000,0x00000000ee580000)
 ParOldGen       total 278016K, used 265446K [0x00000000c2000000, 0x00000000d2f80000, 0x00000000eb580000)
  object space 278016K, 95% used [0x00000000c2000000,0x00000000d2339a10,0x00000000d2f80000)
 Metaspace       used 11491K, capacity 11704K, committed 11776K, reserved 1058816K
  class space    used 1409K, capacity 1486K, committed 1536K, reserved 1048576K
}
Event: 7.319 GC heap before
{Heap before GC invocations=15 (full 4):
 PSYoungGen      total 39936K, used 35840K [0x00000000eb580000, 0x00000000ee580000, 0x0000000100000000)
  eden space 35840K, 100% used [0x00000000eb580000,0x00000000ed880000,0x00000000ed880000)
  from space 4096K, 0% used [0x00000000ed880000,0x00000000ed880000,0x00000000edc80000)
  to   space 4608K, 0% used [0x00000000ee100000,0x00000000ee100000,0x00000000ee580000)
 ParOldGen       total 278016K, used 265446K [0x00000000c2000000, 0x00000000d2f80000, 0x00000000eb580000)
  object space 278016K, 95% used [0x00000000c2000000,0x00000000d2339a10,0x00000000d2f80000)
 Metaspace       used 11491K, capacity 11704K, committed 11776K, reserved 1058816K
  class space    used 1409K, capacity 1486K, committed 1536K, reserved 1048576K
Event: 7.351 GC heap after
Heap after GC invocations=15 (full 4):
 PSYoungGen      total 39936K, used 0K [0x00000000eb580000, 0x00000000ee580000, 0x0000000100000000)
  eden space 35840K, 0% used [0x00000000eb580000,0x00000000eb580000,0x00000000ed880000)
  from space 4096K, 0% used [0x00000000ed880000,0x00000000ed880000,0x00000000edc80000)
  to   space 4608K, 0% used [0x00000000ee100000,0x00000000ee100000,0x00000000ee580000)
 ParOldGen       total 278016K, used 265446K [0x00000000c2000000, 0x00000000d2f80000, 0x00000000eb580000)
  object space 278016K, 95% used [0x00000000c2000000,0x00000000d2339840,0x00000000d2f80000)
 Metaspace       used 11491K, capacity 11704K, committed 11776K, reserved 1058816K
  class space    used 1409K, capacity 1486K, committed 1536K, reserved 1048576K
}
Event: 7.988 GC heap before
{Heap before GC invocations=16 (full 5):
 PSYoungGen      total 39936K, used 20804K [0x00000000eb580000, 0x00000000ee580000, 0x0000000100000000)
  eden space 35840K, 58% used [0x00000000eb580000,0x00000000ec9d10d8,0x00000000ed880000)
  from space 4096K, 0% used [0x00000000ed880000,0x00000000ed880000,0x00000000edc80000)
  to   space 4608K, 0% used [0x00000000ee100000,0x00000000ee100000,0x00000000ee580000)
 ParOldGen       total 278016K, used 265446K [0x00000000c2000000, 0x00000000d2f80000, 0x00000000eb580000)
  object space 278016K, 95% used [0x00000000c2000000,0x00000000d2339840,0x00000000d2f80000)
 Metaspace       used 11515K, capacity 11704K, committed 11776K, reserved 1058816K
  class space    used 1411K, capacity 1486K, committed 1536K, reserved 1048576K
Event: 8.012 GC heap after
Heap after GC invocations=16 (full 5):
 PSYoungGen      total 39936K, used 0K [0x00000000eb580000, 0x00000000ee580000, 0x0000000100000000)
  eden space 35840K, 0% used [0x00000000eb580000,0x00000000eb580000,0x00000000ed880000)
  from space 4096K, 0% used [0x00000000ed880000,0x00000000ed880000,0x00000000edc80000)
  to   space 4608K, 0% used [0x00000000ee100000,0x00000000ee100000,0x00000000ee580000)
 ParOldGen       total 278016K, used 269177K [0x00000000c2000000, 0x00000000d2f80000, 0x00000000eb580000)
  object space 278016K, 96% used [0x00000000c2000000,0x00000000d26de4a0,0x00000000d2f80000)
 Metaspace       used 11515K, capacity 11704K, committed 11776K, reserved 1058816K
  class space    used 1411K, capacity 1486K, committed 1536K, reserved 1048576K
}
Event: 8.012 GC heap before
{Heap before GC invocations=17 (full 5):
 PSYoungGen      total 39936K, used 0K [0x00000000eb580000, 0x00000000ee580000, 0x0000000100000000)
  eden space 35840K, 0% used [0x00000000eb580000,0x00000000eb580000,0x00000000ed880000)
  from space 4096K, 0% used [0x00000000ed880000,0x00000000ed880000,0x00000000edc80000)
  to   space 4608K, 0% used [0x00000000ee100000,0x00000000ee100000,0x00000000ee580000)
 ParOldGen       total 278016K, used 269177K [0x00000000c2000000, 0x00000000d2f80000, 0x00000000eb580000)
  object space 278016K, 96% used [0x00000000c2000000,0x00000000d26de4a0,0x00000000d2f80000)
 Metaspace       used 11515K, capacity 11704K, committed 11776K, reserved 1058816K
  class space    used 1411K, capacity 1486K, committed 1536K, reserved 1048576K
Event: 8.016 GC heap after
Heap after GC invocations=17 (full 5):
 PSYoungGen      total 40448K, used 0K [0x00000000eb580000, 0x00000000ee380000, 0x0000000100000000)
  eden space 37888K, 0% used [0x00000000eb580000,0x00000000eb580000,0x00000000eda80000)
  from space 2560K, 0% used [0x00000000ee100000,0x00000000ee100000,0x00000000ee380000)
  to   space 4608K, 0% used [0x00000000eda80000,0x00000000eda80000,0x00000000edf00000)
 ParOldGen       total 278016K, used 269177K [0x00000000c2000000, 0x00000000d2f80000, 0x00000000eb580000)
  object space 278016K, 96% used [0x00000000c2000000,0x00000000d26de4a0,0x00000000d2f80000)
 Metaspace       used 11515K, capacity 11704K, committed 11776K, reserved 1058816K
  class space    used 1411K, capacity 1486K, committed 1536K, reserved 1048576K
}
Event: 8.016 GC heap before
{Heap before GC invocations=18 (full 6):
 PSYoungGen      total 40448K, used 0K [0x00000000eb580000, 0x00000000ee380000, 0x0000000100000000)
  eden space 37888K, 0% used [0x00000000eb580000,0x00000000eb580000,0x00000000eda80000)
  from space 2560K, 0% used [0x00000000ee100000,0x00000000ee100000,0x00000000ee380000)
  to   space 4608K, 0% used [0x00000000eda80000,0x00000000eda80000,0x00000000edf00000)
 ParOldGen       total 278016K, used 269177K [0x00000000c2000000, 0x00000000d2f80000, 0x00000000eb580000)
  object space 278016K, 96% used [0x00000000c2000000,0x00000000d26de4a0,0x00000000d2f80000)
 Metaspace       used 11515K, capacity 11704K, committed 11776K, reserved 1058816K
  class space    used 1411K, capacity 1486K, committed 1536K, reserved 1048576K
Event: 8.186 GC heap after
Heap after GC invocations=18 (full 6):
 PSYoungGen      total 40448K, used 0K [0x00000000eb580000, 0x00000000ee380000, 0x0000000100000000)
  eden space 37888K, 0% used [0x00000000eb580000,0x00000000eb580000,0x00000000eda80000)
  from space 2560K, 0% used [0x00000000ee100000,0x00000000ee100000,0x00000000ee380000)
  to   space 4608K, 0% used [0x00000000eda80000,0x00000000eda80000,0x00000000edf00000)
 ParOldGen       total 278016K, used 269003K [0x00000000c2000000, 0x00000000d2f80000, 0x00000000eb580000)
  object space 278016K, 96% used [0x00000000c2000000,0x00000000d26b2c98,0x00000000d2f80000)
 Metaspace       used 11505K, capacity 11688K, committed 11776K, reserved 1058816K
  class space    used 1407K, capacity 1480K, committed 1536K, reserved 1048576K
}

