# JRE version: Java(TM) SE Runtime Environment (8.0_181-b13) (build 1.8.0_181-b13)
# Java VM: Java HotSpot(TM) 64-Bit Server VM (25.181-b13 mixed mode windows-amd64 compressed oops)
Heap:
 PSYoungGen      total 18432K, used 4502K [0x00000000eb580000, 0x00000000ed980000, 0x0000000100000000)
  eden space 15872K, 28% used [0x00000000eb580000,0x00000000eb9e5a00,0x00000000ec500000)
  from space 2560K, 0% used [0x00000000ec500000,0x00000000ec500000,0x00000000ec780000)
  to   space 2560K, 0% used [0x00000000ed700000,0x00000000ed700000,0x00000000ed980000)
 ParOldGen       total 42496K, used 30115K [0x00000000c2000000, 0x00000000c4980000, 0x00000000eb580000)
  object space 42496K, 70% used [0x00000000c2000000,0x00000000c3d68c90,0x00000000c4980000)
 Metaspace       used 10443K, capacity 10594K, committed 10880K, reserved 1058816K
  class space    used 1299K, capacity 1353K, committed 1408K, reserved 1048576K
GC Heap History (8 events):
Event: 0.592 GC heap before
{Heap before GC invocations=1 (full 0):
 PSYoungGen      total 18432K, used 15872K [0x00000000eb580000, 0x00000000eca00000, 0x0000000100000000)
  eden space 15872K, 100% used [0x00000000eb580000,0x00000000ec500000,0x00000000ec500000)
  from space 2560K, 0% used [0x00000000ec780000,0x00000000ec780000,0x00000000eca00000)
  to   space 2560K, 0% used [0x00000000ec500000,0x00000000ec500000,0x00000000ec780000)
 ParOldGen       total 42496K, used 24484K [0x00000000c2000000, 0x00000000c4980000, 0x00000000eb580000)
  object space 42496K, 57% used [0x00000000c2000000,0x00000000c37e9068,0x00000000c4980000)
 Metaspace       used 9855K, capacity 10014K, committed 10368K, reserved 1058816K
  class space    used 1231K, capacity 1289K, committed 1408K, reserved 1048576K
Event: 0.597 GC heap after
Heap after GC invocations=1 (full 0):
 PSYoungGen      total 18432K, used 1856K [0x00000000eb580000, 0x00000000eca00000, 0x0000000100000000)
  eden space 15872K, 0% used [0x00000000eb580000,0x00000000eb580000,0x00000000ec500000)
  from space 2560K, 72% used [0x00000000ec500000,0x00000000ec6d0020,0x00000000ec780000)
  to   space 2560K, 0% used [0x00000000ec780000,0x00000000ec780000,0x00000000eca00000)
 ParOldGen       total 42496K, used 24492K [0x00000000c2000000, 0x00000000c4980000, 0x00000000eb580000)
  object space 42496K, 57% used [0x00000000c2000000,0x00000000c37eb068,0x00000000c4980000)
 Metaspace       used 9855K, capacity 10014K, committed 10368K, reserved 1058816K
  class space    used 1231K, capacity 1289K, committed 1408K, reserved 1048576K
}
Event: 0.679 GC heap before
{Heap before GC invocations=2 (full 0):
 PSYoungGen      total 18432K, used 17288K [0x00000000eb580000, 0x00000000eca00000, 0x0000000100000000)
  eden space 15872K, 97% used [0x00000000eb580000,0x00000000ec4920c0,0x00000000ec500000)
  from space 2560K, 72% used [0x00000000ec500000,0x00000000ec6d0020,0x00000000ec780000)
  to   space 2560K, 0% used [0x00000000ec780000,0x00000000ec780000,0x00000000eca00000)
 ParOldGen       total 42496K, used 24492K [0x00000000c2000000, 0x00000000c4980000, 0x00000000eb580000)
  object space 42496K, 57% used [0x00000000c2000000,0x00000000c37eb068,0x00000000c4980000)
 Metaspace       used 9878K, capacity 10014K, committed 10368K, reserved 1058816K
  class space    used 1234K, capacity 1289K, committed 1408K, reserved 1048576K
Event: 0.682 GC heap after
Heap after GC invocations=2 (full 0):
 PSYoungGen      total 18432K, used 1920K [0x00000000eb580000, 0x00000000ed980000, 0x0000000100000000)
  eden space 15872K, 0% used [0x00000000eb580000,0x00000000eb580000,0x00000000ec500000)
  from space 2560K, 75% used [0x00000000ec780000,0x00000000ec960020,0x00000000eca00000)
  to   space 2560K, 0% used [0x00000000ec500000,0x00000000ec500000,0x00000000ec780000)
 ParOldGen       total 42496K, used 24500K [0x00000000c2000000, 0x00000000c4980000, 0x00000000eb580000)
  object space 42496K, 57% used [0x00000000c2000000,0x00000000c37ed068,0x00000000c4980000)
 Metaspace       used 9878K, capacity 10014K, committed 10368K, reserved 1058816K
  class space    used 1234K, capacity 1289K, committed 1408K, reserved 1048576K
}
Event: 1.379 GC heap before
{Heap before GC invocations=3 (full 0):
 PSYoungGen      total 18432K, used 14046K [0x00000000eb580000, 0x00000000ed980000, 0x0000000100000000)
  eden space 15872K, 76% used [0x00000000eb580000,0x00000000ec157b00,0x00000000ec500000)
  from space 2560K, 75% used [0x00000000ec780000,0x00000000ec960020,0x00000000eca00000)
  to   space 2560K, 0% used [0x00000000ec500000,0x00000000ec500000,0x00000000ec780000)
 ParOldGen       total 42496K, used 24500K [0x00000000c2000000, 0x00000000c4980000, 0x00000000eb580000)
  object space 42496K, 57% used [0x00000000c2000000,0x00000000c37ed068,0x00000000c4980000)
 Metaspace       used 10171K, capacity 10334K, committed 10624K, reserved 1058816K
  class space    used 1280K, capacity 1353K, committed 1408K, reserved 1048576K
Event: 1.388 GC heap after
Heap after GC invocations=3 (full 0):
 PSYoungGen      total 18432K, used 1856K [0x00000000eb580000, 0x00000000ed980000, 0x0000000100000000)
  eden space 15872K, 0% used [0x00000000eb580000,0x00000000eb580000,0x00000000ec500000)
  from space 2560K, 72% used [0x00000000ec500000,0x00000000ec6d0020,0x00000000ec780000)
  to   space 2560K, 0% used [0x00000000ed700000,0x00000000ed700000,0x00000000ed980000)
 ParOldGen       total 42496K, used 36001K [0x00000000c2000000, 0x00000000c4980000, 0x00000000eb580000)
  object space 42496K, 84% used [0x00000000c2000000,0x00000000c4328708,0x00000000c4980000)
 Metaspace       used 10171K, capacity 10334K, committed 10624K, reserved 1058816K
  class space    used 1280K, capacity 1353K, committed 1408K, reserved 1048576K
}
Event: 1.388 GC heap before
{Heap before GC invocations=4 (full 1):
 PSYoungGen      total 18432K, used 1856K [0x00000000eb580000, 0x00000000ed980000, 0x0000000100000000)
  eden space 15872K, 0% used [0x00000000eb580000,0x00000000eb580000,0x00000000ec500000)
  from space 2560K, 72% used [0x00000000ec500000,0x00000000ec6d0020,0x00000000ec780000)
  to   space 2560K, 0% used [0x00000000ed700000,0x00000000ed700000,0x00000000ed980000)
 ParOldGen       total 42496K, used 36001K [0x00000000c2000000, 0x00000000c4980000, 0x00000000eb580000)
  object space 42496K, 84% used [0x00000000c2000000,0x00000000c4328708,0x00000000c4980000)
 Metaspace       used 10171K, capacity 10334K, committed 10624K, reserved 1058816K
  class space    used 1280K, capacity 1353K, committed 1408K, reserved 1048576K
Event: 1.420 GC heap after
Heap after GC invocations=4 (full 1):
 PSYoungGen      total 18432K, used 0K [0x00000000eb580000, 0x00000000ed980000, 0x0000000100000000)
  eden space 15872K, 0% used [0x00000000eb580000,0x00000000eb580000,0x00000000ec500000)
  from space 2560K, 0% used [0x00000000ec500000,0x00000000ec500000,0x00000000ec780000)
  to   space 2560K, 0% used [0x00000000ed700000,0x00000000ed700000,0x00000000ed980000)
 ParOldGen       total 42496K, used 30115K [0x00000000c2000000, 0x00000000c4980000, 0x00000000eb580000)
  object space 42496K, 70% used [0x00000000c2000000,0x00000000c3d68c90,0x00000000c4980000)
 Metaspace       used 10171K, capacity 10334K, committed 10624K, reserved 1058816K
  class space    used 1280K, capacity 1353K, committed 1408K, reserved 1048576K
}

