# JRE version: Java(TM) SE Runtime Environment (8.0_181-b13) (build 1.8.0_181-b13)
# Java VM: Java HotSpot(TM) 64-Bit Server VM (25.181-b13 mixed mode windows-amd64 compressed oops)
Heap:
 PSYoungGen      total 32256K, used 4060K [0x00000000eb580000, 0x00000000eeb80000, 0x0000000100000000)
  eden space 29696K, 13% used [0x00000000eb580000,0x00000000eb977120,0x00000000ed280000)
  from space 2560K, 0% used [0x00000000ed280000,0x00000000ed280000,0x00000000ed500000)
  to   space 2560K, 0% used [0x00000000ed500000,0x00000000ed500000,0x00000000ed780000)
 ParOldGen       total 75776K, used 15606K [0x00000000c2000000, 0x00000000c6a00000, 0x00000000eb580000)
  object space 75776K, 20% used [0x00000000c2000000,0x00000000c2f3da78,0x00000000c6a00000)
 Metaspace       used 10450K, capacity 10654K, committed 10880K, reserved 1058816K
  class space    used 1278K, capacity 1349K, committed 1408K, reserved 1048576K
GC Heap History (10 events):
Event: 4.689 GC heap before
{Heap before GC invocations=4 (full 1):
 PSYoungGen      total 21504K, used 14232K [0x00000000eb580000, 0x00000000ed780000, 0x0000000100000000)
  eden space 20992K, 67% used [0x00000000eb580000,0x00000000ec33e380,0x00000000eca00000)
  from space 512K, 31% used [0x00000000ed700000,0x00000000ed728000,0x00000000ed780000)
  to   space 2560K, 0% used [0x00000000ed280000,0x00000000ed280000,0x00000000ed500000)
 ParOldGen       total 63488K, used 20846K [0x00000000c2000000, 0x00000000c5e00000, 0x00000000eb580000)
  object space 63488K, 32% used [0x00000000c2000000,0x00000000c345bb88,0x00000000c5e00000)
 Metaspace       used 10442K, capacity 10664K, committed 10880K, reserved 1058816K
  class space    used 1278K, capacity 1354K, committed 1408K, reserved 1048576K
Event: 4.694 GC heap after
Heap after GC invocations=4 (full 1):
 PSYoungGen      total 28672K, used 2132K [0x00000000eb580000, 0x00000000ed780000, 0x0000000100000000)
  eden space 26112K, 0% used [0x00000000eb580000,0x00000000eb580000,0x00000000ecf00000)
  from space 2560K, 83% used [0x00000000ed280000,0x00000000ed495110,0x00000000ed500000)
  to   space 2560K, 0% used [0x00000000ed500000,0x00000000ed500000,0x00000000ed780000)
 ParOldGen       total 63488K, used 20854K [0x00000000c2000000, 0x00000000c5e00000, 0x00000000eb580000)
  object space 63488K, 32% used [0x00000000c2000000,0x00000000c345db88,0x00000000c5e00000)
 Metaspace       used 10442K, capacity 10664K, committed 10880K, reserved 1058816K
  class space    used 1278K, capacity 1354K, committed 1408K, reserved 1048576K
}
Event: 4.694 GC heap before
{Heap before GC invocations=5 (full 1):
 PSYoungGen      total 28672K, used 2132K [0x00000000eb580000, 0x00000000ed780000, 0x0000000100000000)
  eden space 26112K, 0% used [0x00000000eb580000,0x00000000eb580000,0x00000000ecf00000)
  from space 2560K, 83% used [0x00000000ed280000,0x00000000ed495110,0x00000000ed500000)
  to   space 2560K, 0% used [0x00000000ed500000,0x00000000ed500000,0x00000000ed780000)
 ParOldGen       total 63488K, used 20854K [0x00000000c2000000, 0x00000000c5e00000, 0x00000000eb580000)
  object space 63488K, 32% used [0x00000000c2000000,0x00000000c345db88,0x00000000c5e00000)
 Metaspace       used 10442K, capacity 10664K, committed 10880K, reserved 1058816K
  class space    used 1278K, capacity 1354K, committed 1408K, reserved 1048576K
Event: 4.698 GC heap after
Heap after GC invocations=5 (full 1):
 PSYoungGen      total 32256K, used 2112K [0x00000000eb580000, 0x00000000eeb80000, 0x0000000100000000)
  eden space 29696K, 0% used [0x00000000eb580000,0x00000000eb580000,0x00000000ed280000)
  from space 2560K, 82% used [0x00000000ed500000,0x00000000ed710000,0x00000000ed780000)
  to   space 2560K, 0% used [0x00000000ed280000,0x00000000ed280000,0x00000000ed500000)
 ParOldGen       total 63488K, used 20862K [0x00000000c2000000, 0x00000000c5e00000, 0x00000000eb580000)
  object space 63488K, 32% used [0x00000000c2000000,0x00000000c345fb88,0x00000000c5e00000)
 Metaspace       used 10442K, capacity 10664K, committed 10880K, reserved 1058816K
  class space    used 1278K, capacity 1354K, committed 1408K, reserved 1048576K
}
Event: 4.698 GC heap before
{Heap before GC invocations=6 (full 2):
 PSYoungGen      total 32256K, used 2112K [0x00000000eb580000, 0x00000000eeb80000, 0x0000000100000000)
  eden space 29696K, 0% used [0x00000000eb580000,0x00000000eb580000,0x00000000ed280000)
  from space 2560K, 82% used [0x00000000ed500000,0x00000000ed710000,0x00000000ed780000)
  to   space 2560K, 0% used [0x00000000ed280000,0x00000000ed280000,0x00000000ed500000)
 ParOldGen       total 63488K, used 20862K [0x00000000c2000000, 0x00000000c5e00000, 0x00000000eb580000)
  object space 63488K, 32% used [0x00000000c2000000,0x00000000c345fb88,0x00000000c5e00000)
 Metaspace       used 10442K, capacity 10664K, committed 10880K, reserved 1058816K
  class space    used 1278K, capacity 1354K, committed 1408K, reserved 1048576K
Event: 4.721 GC heap after
Heap after GC invocations=6 (full 2):
 PSYoungGen      total 32256K, used 0K [0x00000000eb580000, 0x00000000eeb80000, 0x0000000100000000)
  eden space 29696K, 0% used [0x00000000eb580000,0x00000000eb580000,0x00000000ed280000)
  from space 2560K, 0% used [0x00000000ed500000,0x00000000ed500000,0x00000000ed780000)
  to   space 2560K, 0% used [0x00000000ed280000,0x00000000ed280000,0x00000000ed500000)
 ParOldGen       total 75776K, used 15807K [0x00000000c2000000, 0x00000000c6a00000, 0x00000000eb580000)
  object space 75776K, 20% used [0x00000000c2000000,0x00000000c2f6fd78,0x00000000c6a00000)
 Metaspace       used 10442K, capacity 10664K, committed 10880K, reserved 1058816K
  class space    used 1278K, capacity 1354K, committed 1408K, reserved 1048576K
}
Event: 4.721 GC heap before
{Heap before GC invocations=7 (full 2):
 PSYoungGen      total 32256K, used 0K [0x00000000eb580000, 0x00000000eeb80000, 0x0000000100000000)
  eden space 29696K, 0% used [0x00000000eb580000,0x00000000eb580000,0x00000000ed280000)
  from space 2560K, 0% used [0x00000000ed500000,0x00000000ed500000,0x00000000ed780000)
  to   space 2560K, 0% used [0x00000000ed280000,0x00000000ed280000,0x00000000ed500000)
 ParOldGen       total 75776K, used 15807K [0x00000000c2000000, 0x00000000c6a00000, 0x00000000eb580000)
  object space 75776K, 20% used [0x00000000c2000000,0x00000000c2f6fd78,0x00000000c6a00000)
 Metaspace       used 10442K, capacity 10664K, committed 10880K, reserved 1058816K
  class space    used 1278K, capacity 1354K, committed 1408K, reserved 1048576K
Event: 4.722 GC heap after
Heap after GC invocations=7 (full 2):
 PSYoungGen      total 32256K, used 0K [0x00000000eb580000, 0x00000000eeb80000, 0x0000000100000000)
  eden space 29696K, 0% used [0x00000000eb580000,0x00000000eb580000,0x00000000ed280000)
  from space 2560K, 0% used [0x00000000ed280000,0x00000000ed280000,0x00000000ed500000)
  to   space 2560K, 0% used [0x00000000ed500000,0x00000000ed500000,0x00000000ed780000)
 ParOldGen       total 75776K, used 15807K [0x00000000c2000000, 0x00000000c6a00000, 0x00000000eb580000)
  object space 75776K, 20% used [0x00000000c2000000,0x00000000c2f6fd78,0x00000000c6a00000)
 Metaspace       used 10442K, capacity 10664K, committed 10880K, reserved 1058816K
  class space    used 1278K, capacity 1354K, committed 1408K, reserved 1048576K
}
Event: 4.722 GC heap before
{Heap before GC invocations=8 (full 3):
 PSYoungGen      total 32256K, used 0K [0x00000000eb580000, 0x00000000eeb80000, 0x0000000100000000)
  eden space 29696K, 0% used [0x00000000eb580000,0x00000000eb580000,0x00000000ed280000)
  from space 2560K, 0% used [0x00000000ed280000,0x00000000ed280000,0x00000000ed500000)
  to   space 2560K, 0% used [0x00000000ed500000,0x00000000ed500000,0x00000000ed780000)
 ParOldGen       total 75776K, used 15807K [0x00000000c2000000, 0x00000000c6a00000, 0x00000000eb580000)
  object space 75776K, 20% used [0x00000000c2000000,0x00000000c2f6fd78,0x00000000c6a00000)
 Metaspace       used 10442K, capacity 10664K, committed 10880K, reserved 1058816K
  class space    used 1278K, capacity 1354K, committed 1408K, reserved 1048576K
Event: 4.779 GC heap after
Heap after GC invocations=8 (full 3):
 PSYoungGen      total 32256K, used 0K [0x00000000eb580000, 0x00000000eeb80000, 0x0000000100000000)
  eden space 29696K, 0% used [0x00000000eb580000,0x00000000eb580000,0x00000000ed280000)
  from space 2560K, 0% used [0x00000000ed280000,0x00000000ed280000,0x00000000ed500000)
  to   space 2560K, 0% used [0x00000000ed500000,0x00000000ed500000,0x00000000ed780000)
 ParOldGen       total 75776K, used 15606K [0x00000000c2000000, 0x00000000c6a00000, 0x00000000eb580000)
  object space 75776K, 20% used [0x00000000c2000000,0x00000000c2f3da78,0x00000000c6a00000)
 Metaspace       used 10436K, capacity 10654K, committed 10880K, reserved 1058816K
  class space    used 1275K, capacity 1349K, committed 1408K, reserved 1048576K
}

