# JRE version: Java(TM) SE Runtime Environment (8.0_181-b13) (build 1.8.0_181-b13)
# Java VM: Java HotSpot(TM) 64-Bit Server VM (25.181-b13 mixed mode windows-amd64 compressed oops)
Heap:
 PSYoungGen      total 56832K, used 23809K [0x00000000eb580000, 0x00000000efc80000, 0x0000000100000000)
  eden space 52224K, 45% used [0x00000000eb580000,0x00000000ecca0f80,0x00000000ee880000)
  from space 4608K, 2% used [0x00000000ee880000,0x00000000ee89f810,0x00000000eed00000)
  to   space 4096K, 0% used [0x00000000ef880000,0x00000000ef880000,0x00000000efc80000)
 ParOldGen       total 286720K, used 199888K [0x00000000c2000000, 0x00000000d3800000, 0x00000000eb580000)
  object space 286720K, 69% used [0x00000000c2000000,0x00000000ce334380,0x00000000d3800000)
 Metaspace       used 11553K, capacity 11798K, committed 12032K, reserved 1060864K
  class space    used 1354K, capacity 1458K, committed 1536K, reserved 1048576K
GC Heap History (10 events):
Event: 2.361 GC heap before
{Heap before GC invocations=5 (full 1):
 PSYoungGen      total 34304K, used 32199K [0x00000000eb580000, 0x00000000ee400000, 0x0000000100000000)
  eden space 31744K, 100% used [0x00000000eb580000,0x00000000ed480000,0x00000000ed480000)
  from space 2560K, 17% used [0x00000000ed480000,0x00000000ed4f1c50,0x00000000ed700000)
  to   space 2560K, 0% used [0x00000000ee180000,0x00000000ee180000,0x00000000ee400000)
 ParOldGen       total 230400K, used 206814K [0x00000000c2000000, 0x00000000d0100000, 0x00000000eb580000)
  object space 230400K, 89% used [0x00000000c2000000,0x00000000ce9f78b0,0x00000000d0100000)
 Metaspace       used 10555K, capacity 10766K, committed 11136K, reserved 1058816K
  class space    used 1263K, capacity 1326K, committed 1408K, reserved 1048576K
Event: 2.370 GC heap after
Heap after GC invocations=5 (full 1):
 PSYoungGen      total 43008K, used 485K [0x00000000eb580000, 0x00000000ee300000, 0x0000000100000000)
  eden space 41472K, 0% used [0x00000000eb580000,0x00000000eb580000,0x00000000ede00000)
  from space 1536K, 31% used [0x00000000ee180000,0x00000000ee1f9460,0x00000000ee300000)
  to   space 2560K, 0% used [0x00000000ede00000,0x00000000ede00000,0x00000000ee080000)
 ParOldGen       total 230400K, used 221506K [0x00000000c2000000, 0x00000000d0100000, 0x00000000eb580000)
  object space 230400K, 96% used [0x00000000c2000000,0x00000000cf850af0,0x00000000d0100000)
 Metaspace       used 10555K, capacity 10766K, committed 11136K, reserved 1058816K
  class space    used 1263K, capacity 1326K, committed 1408K, reserved 1048576K
}
Event: 2.370 GC heap before
{Heap before GC invocations=6 (full 2):
 PSYoungGen      total 43008K, used 485K [0x00000000eb580000, 0x00000000ee300000, 0x0000000100000000)
  eden space 41472K, 0% used [0x00000000eb580000,0x00000000eb580000,0x00000000ede00000)
  from space 1536K, 31% used [0x00000000ee180000,0x00000000ee1f9460,0x00000000ee300000)
  to   space 2560K, 0% used [0x00000000ede00000,0x00000000ede00000,0x00000000ee080000)
 ParOldGen       total 230400K, used 221506K [0x00000000c2000000, 0x00000000d0100000, 0x00000000eb580000)
  object space 230400K, 96% used [0x00000000c2000000,0x00000000cf850af0,0x00000000d0100000)
 Metaspace       used 10555K, capacity 10766K, committed 11136K, reserved 1058816K
  class space    used 1263K, capacity 1326K, committed 1408K, reserved 1048576K
Event: 2.410 GC heap after
Heap after GC invocations=6 (full 2):
 PSYoungGen      total 43008K, used 0K [0x00000000eb580000, 0x00000000ee300000, 0x0000000100000000)
  eden space 41472K, 0% used [0x00000000eb580000,0x00000000eb580000,0x00000000ede00000)
  from space 1536K, 0% used [0x00000000ee180000,0x00000000ee180000,0x00000000ee300000)
  to   space 2560K, 0% used [0x00000000ede00000,0x00000000ede00000,0x00000000ee080000)
 ParOldGen       total 286720K, used 199888K [0x00000000c2000000, 0x00000000d3800000, 0x00000000eb580000)
  object space 286720K, 69% used [0x00000000c2000000,0x00000000ce334380,0x00000000d3800000)
 Metaspace       used 10555K, capacity 10766K, committed 11136K, reserved 1058816K
  class space    used 1263K, capacity 1326K, committed 1408K, reserved 1048576K
}
Event: 2.699 GC heap before
{Heap before GC invocations=7 (full 2):
 PSYoungGen      total 43008K, used 41469K [0x00000000eb580000, 0x00000000ee300000, 0x0000000100000000)
  eden space 41472K, 99% used [0x00000000eb580000,0x00000000eddff7d0,0x00000000ede00000)
  from space 1536K, 0% used [0x00000000ee180000,0x00000000ee180000,0x00000000ee300000)
  to   space 2560K, 0% used [0x00000000ede00000,0x00000000ede00000,0x00000000ee080000)
 ParOldGen       total 286720K, used 199888K [0x00000000c2000000, 0x00000000d3800000, 0x00000000eb580000)
  object space 286720K, 69% used [0x00000000c2000000,0x00000000ce334380,0x00000000d3800000)
 Metaspace       used 10556K, capacity 10766K, committed 11136K, reserved 1058816K
  class space    used 1263K, capacity 1326K, committed 1408K, reserved 1048576K
Event: 2.701 GC heap after
Heap after GC invocations=7 (full 2):
 PSYoungGen      total 44032K, used 0K [0x00000000eb580000, 0x00000000ef280000, 0x0000000100000000)
  eden space 41472K, 0% used [0x00000000eb580000,0x00000000eb580000,0x00000000ede00000)
  from space 2560K, 0% used [0x00000000ede00000,0x00000000ede00000,0x00000000ee080000)
  to   space 4608K, 0% used [0x00000000eee00000,0x00000000eee00000,0x00000000ef280000)
 ParOldGen       total 286720K, used 199888K [0x00000000c2000000, 0x00000000d3800000, 0x00000000eb580000)
  object space 286720K, 69% used [0x00000000c2000000,0x00000000ce334380,0x00000000d3800000)
 Metaspace       used 10556K, capacity 10766K, committed 11136K, reserved 1058816K
  class space    used 1263K, capacity 1326K, committed 1408K, reserved 1048576K
}
Event: 2.979 GC heap before
{Heap before GC invocations=8 (full 2):
 PSYoungGen      total 44032K, used 41447K [0x00000000eb580000, 0x00000000ef280000, 0x0000000100000000)
  eden space 41472K, 99% used [0x00000000eb580000,0x00000000eddf9cc8,0x00000000ede00000)
  from space 2560K, 0% used [0x00000000ede00000,0x00000000ede00000,0x00000000ee080000)
  to   space 4608K, 0% used [0x00000000eee00000,0x00000000eee00000,0x00000000ef280000)
 ParOldGen       total 286720K, used 199888K [0x00000000c2000000, 0x00000000d3800000, 0x00000000eb580000)
  object space 286720K, 69% used [0x00000000c2000000,0x00000000ce334380,0x00000000d3800000)
 Metaspace       used 10556K, capacity 10766K, committed 11136K, reserved 1058816K
  class space    used 1263K, capacity 1326K, committed 1408K, reserved 1048576K
Event: 2.981 GC heap after
Heap after GC invocations=8 (full 2):
 PSYoungGen      total 55808K, used 32K [0x00000000eb580000, 0x00000000ef180000, 0x0000000100000000)
  eden space 52224K, 0% used [0x00000000eb580000,0x00000000eb580000,0x00000000ee880000)
  from space 3584K, 0% used [0x00000000eee00000,0x00000000eee08000,0x00000000ef180000)
  to   space 4608K, 0% used [0x00000000ee880000,0x00000000ee880000,0x00000000eed00000)
 ParOldGen       total 286720K, used 199888K [0x00000000c2000000, 0x00000000d3800000, 0x00000000eb580000)
  object space 286720K, 69% used [0x00000000c2000000,0x00000000ce334380,0x00000000d3800000)
 Metaspace       used 10556K, capacity 10766K, committed 11136K, reserved 1058816K
  class space    used 1263K, capacity 1326K, committed 1408K, reserved 1048576K
}
Event: 3.342 GC heap before
{Heap before GC invocations=9 (full 2):
 PSYoungGen      total 55808K, used 50504K [0x00000000eb580000, 0x00000000ef180000, 0x0000000100000000)
  eden space 52224K, 96% used [0x00000000eb580000,0x00000000ee6ca208,0x00000000ee880000)
  from space 3584K, 0% used [0x00000000eee00000,0x00000000eee08000,0x00000000ef180000)
  to   space 4608K, 0% used [0x00000000ee880000,0x00000000ee880000,0x00000000eed00000)
 ParOldGen       total 286720K, used 199888K [0x00000000c2000000, 0x00000000d3800000, 0x00000000eb580000)
  object space 286720K, 69% used [0x00000000c2000000,0x00000000ce334380,0x00000000d3800000)
 Metaspace       used 10556K, capacity 10766K, committed 11136K, reserved 1058816K
  class space    used 1263K, capacity 1326K, committed 1408K, reserved 1048576K
Event: 3.345 GC heap after
Heap after GC invocations=9 (full 2):
 PSYoungGen      total 56832K, used 126K [0x00000000eb580000, 0x00000000efc80000, 0x0000000100000000)
  eden space 52224K, 0% used [0x00000000eb580000,0x00000000eb580000,0x00000000ee880000)
  from space 4608K, 2% used [0x00000000ee880000,0x00000000ee89f810,0x00000000eed00000)
  to   space 4096K, 0% used [0x00000000ef880000,0x00000000ef880000,0x00000000efc80000)
 ParOldGen       total 286720K, used 199888K [0x00000000c2000000, 0x00000000d3800000, 0x00000000eb580000)
  object space 286720K, 69% used [0x00000000c2000000,0x00000000ce334380,0x00000000d3800000)
 Metaspace       used 10556K, capacity 10766K, committed 11136K, reserved 1058816K
  class space    used 1263K, capacity 1326K, committed 1408K, reserved 1048576K
}

