# JRE version: Java(TM) SE Runtime Environment (8.0_181-b13) (build 1.8.0_181-b13)
# Java VM: Java HotSpot(TM) 64-Bit Server VM (25.181-b13 mixed mode windows-amd64 compressed oops)
Heap:
 PSYoungGen      total 65024K, used 17957K [0x00000000eb580000, 0x00000000f2080000, 0x0000000100000000)
  eden space 63488K, 28% used [0x00000000eb580000,0x00000000ec709770,0x00000000ef380000)
  from space 1536K, 0% used [0x00000000ef380000,0x00000000ef380000,0x00000000ef500000)
  to   space 4096K, 0% used [0x00000000f1c80000,0x00000000f1c80000,0x00000000f2080000)
 ParOldGen       total 209920K, used 160023K [0x00000000c2000000, 0x00000000ced00000, 0x00000000eb580000)
  object space 209920K, 76% used [0x00000000c2000000,0x00000000cbc45e18,0x00000000ced00000)
 Metaspace       used 11721K, capacity 11950K, committed 12032K, reserved 1060864K
  class space    used 1407K, capacity 1477K, committed 1536K, reserved 1048576K
GC Heap History (10 events):
Event: 10.154 GC heap before
{Heap before GC invocations=7 (full 0):
 PSYoungGen      total 65024K, used 59294K [0x00000000eb580000, 0x00000000ef680000, 0x0000000100000000)
  eden space 63488K, 91% used [0x00000000eb580000,0x00000000eee1b918,0x00000000ef380000)
  from space 1536K, 86% used [0x00000000ef500000,0x00000000ef64c010,0x00000000ef680000)
  to   space 1536K, 0% used [0x00000000ef380000,0x00000000ef380000,0x00000000ef500000)
 ParOldGen       total 196608K, used 153632K [0x00000000c2000000, 0x00000000ce000000, 0x00000000eb580000)
  object space 196608K, 78% used [0x00000000c2000000,0x00000000cb608010,0x00000000ce000000)
 Metaspace       used 10658K, capacity 10930K, committed 11264K, reserved 1058816K
  class space    used 1323K, capacity 1419K, committed 1536K, reserved 1048576K
Event: 10.161 GC heap after
Heap after GC invocations=7 (full 0):
 PSYoungGen      total 65024K, used 1520K [0x00000000eb580000, 0x00000000ef680000, 0x0000000100000000)
  eden space 63488K, 0% used [0x00000000eb580000,0x00000000eb580000,0x00000000ef380000)
  from space 1536K, 98% used [0x00000000ef380000,0x00000000ef4fc010,0x00000000ef500000)
  to   space 1536K, 0% used [0x00000000ef500000,0x00000000ef500000,0x00000000ef680000)
 ParOldGen       total 196608K, used 158738K [0x00000000c2000000, 0x00000000ce000000, 0x00000000eb580000)
  object space 196608K, 80% used [0x00000000c2000000,0x00000000cbb04970,0x00000000ce000000)
 Metaspace       used 10658K, capacity 10930K, committed 11264K, reserved 1058816K
  class space    used 1323K, capacity 1419K, committed 1536K, reserved 1048576K
}
Event: 10.161 GC heap before
{Heap before GC invocations=8 (full 0):
 PSYoungGen      total 65024K, used 1520K [0x00000000eb580000, 0x00000000ef680000, 0x0000000100000000)
  eden space 63488K, 0% used [0x00000000eb580000,0x00000000eb580000,0x00000000ef380000)
  from space 1536K, 98% used [0x00000000ef380000,0x00000000ef4fc010,0x00000000ef500000)
  to   space 1536K, 0% used [0x00000000ef500000,0x00000000ef500000,0x00000000ef680000)
 ParOldGen       total 196608K, used 158738K [0x00000000c2000000, 0x00000000ce000000, 0x00000000eb580000)
  object space 196608K, 80% used [0x00000000c2000000,0x00000000cbb04970,0x00000000ce000000)
 Metaspace       used 10658K, capacity 10930K, committed 11264K, reserved 1058816K
  class space    used 1323K, capacity 1419K, committed 1536K, reserved 1048576K
Event: 10.166 GC heap after
Heap after GC invocations=8 (full 0):
 PSYoungGen      total 65024K, used 1536K [0x00000000eb580000, 0x00000000ef680000, 0x0000000100000000)
  eden space 63488K, 0% used [0x00000000eb580000,0x00000000eb580000,0x00000000ef380000)
  from space 1536K, 100% used [0x00000000ef500000,0x00000000ef680000,0x00000000ef680000)
  to   space 1536K, 0% used [0x00000000ef380000,0x00000000ef380000,0x00000000ef500000)
 ParOldGen       total 196608K, used 158754K [0x00000000c2000000, 0x00000000ce000000, 0x00000000eb580000)
  object space 196608K, 80% used [0x00000000c2000000,0x00000000cbb08970,0x00000000ce000000)
 Metaspace       used 10658K, capacity 10930K, committed 11264K, reserved 1058816K
  class space    used 1323K, capacity 1419K, committed 1536K, reserved 1048576K
}
Event: 10.166 GC heap before
{Heap before GC invocations=9 (full 1):
 PSYoungGen      total 65024K, used 1536K [0x00000000eb580000, 0x00000000ef680000, 0x0000000100000000)
  eden space 63488K, 0% used [0x00000000eb580000,0x00000000eb580000,0x00000000ef380000)
  from space 1536K, 100% used [0x00000000ef500000,0x00000000ef680000,0x00000000ef680000)
  to   space 1536K, 0% used [0x00000000ef380000,0x00000000ef380000,0x00000000ef500000)
 ParOldGen       total 196608K, used 158754K [0x00000000c2000000, 0x00000000ce000000, 0x00000000eb580000)
  object space 196608K, 80% used [0x00000000c2000000,0x00000000cbb08970,0x00000000ce000000)
 Metaspace       used 10658K, capacity 10930K, committed 11264K, reserved 1058816K
  class space    used 1323K, capacity 1419K, committed 1536K, reserved 1048576K
Event: 10.212 GC heap after
Heap after GC invocations=9 (full 1):
 PSYoungGen      total 65024K, used 0K [0x00000000eb580000, 0x00000000ef680000, 0x0000000100000000)
  eden space 63488K, 0% used [0x00000000eb580000,0x00000000eb580000,0x00000000ef380000)
  from space 1536K, 0% used [0x00000000ef500000,0x00000000ef500000,0x00000000ef680000)
  to   space 1536K, 0% used [0x00000000ef380000,0x00000000ef380000,0x00000000ef500000)
 ParOldGen       total 198656K, used 160184K [0x00000000c2000000, 0x00000000ce200000, 0x00000000eb580000)
  object space 198656K, 80% used [0x00000000c2000000,0x00000000cbc6e050,0x00000000ce200000)
 Metaspace       used 10658K, capacity 10930K, committed 11264K, reserved 1058816K
  class space    used 1323K, capacity 1419K, committed 1536K, reserved 1048576K
}
Event: 10.212 GC heap before
{Heap before GC invocations=10 (full 1):
 PSYoungGen      total 65024K, used 0K [0x00000000eb580000, 0x00000000ef680000, 0x0000000100000000)
  eden space 63488K, 0% used [0x00000000eb580000,0x00000000eb580000,0x00000000ef380000)
  from space 1536K, 0% used [0x00000000ef500000,0x00000000ef500000,0x00000000ef680000)
  to   space 1536K, 0% used [0x00000000ef380000,0x00000000ef380000,0x00000000ef500000)
 ParOldGen       total 198656K, used 160184K [0x00000000c2000000, 0x00000000ce200000, 0x00000000eb580000)
  object space 198656K, 80% used [0x00000000c2000000,0x00000000cbc6e050,0x00000000ce200000)
 Metaspace       used 10658K, capacity 10930K, committed 11264K, reserved 1058816K
  class space    used 1323K, capacity 1419K, committed 1536K, reserved 1048576K
Event: 10.214 GC heap after
Heap after GC invocations=10 (full 1):
 PSYoungGen      total 65024K, used 0K [0x00000000eb580000, 0x00000000f2080000, 0x0000000100000000)
  eden space 63488K, 0% used [0x00000000eb580000,0x00000000eb580000,0x00000000ef380000)
  from space 1536K, 0% used [0x00000000ef380000,0x00000000ef380000,0x00000000ef500000)
  to   space 4096K, 0% used [0x00000000f1c80000,0x00000000f1c80000,0x00000000f2080000)
 ParOldGen       total 198656K, used 160184K [0x00000000c2000000, 0x00000000ce200000, 0x00000000eb580000)
  object space 198656K, 80% used [0x00000000c2000000,0x00000000cbc6e050,0x00000000ce200000)
 Metaspace       used 10658K, capacity 10930K, committed 11264K, reserved 1058816K
  class space    used 1323K, capacity 1419K, committed 1536K, reserved 1048576K
}
Event: 10.214 GC heap before
{Heap before GC invocations=11 (full 2):
 PSYoungGen      total 65024K, used 0K [0x00000000eb580000, 0x00000000f2080000, 0x0000000100000000)
  eden space 63488K, 0% used [0x00000000eb580000,0x00000000eb580000,0x00000000ef380000)
  from space 1536K, 0% used [0x00000000ef380000,0x00000000ef380000,0x00000000ef500000)
  to   space 4096K, 0% used [0x00000000f1c80000,0x00000000f1c80000,0x00000000f2080000)
 ParOldGen       total 198656K, used 160184K [0x00000000c2000000, 0x00000000ce200000, 0x00000000eb580000)
  object space 198656K, 80% used [0x00000000c2000000,0x00000000cbc6e050,0x00000000ce200000)
 Metaspace       used 10658K, capacity 10930K, committed 11264K, reserved 1058816K
  class space    used 1323K, capacity 1419K, committed 1536K, reserved 1048576K
Event: 10.271 GC heap after
Heap after GC invocations=11 (full 2):
 PSYoungGen      total 65024K, used 0K [0x00000000eb580000, 0x00000000f2080000, 0x0000000100000000)
  eden space 63488K, 0% used [0x00000000eb580000,0x00000000eb580000,0x00000000ef380000)
  from space 1536K, 0% used [0x00000000ef380000,0x00000000ef380000,0x00000000ef500000)
  to   space 4096K, 0% used [0x00000000f1c80000,0x00000000f1c80000,0x00000000f2080000)
 ParOldGen       total 209920K, used 160023K [0x00000000c2000000, 0x00000000ced00000, 0x00000000eb580000)
  object space 209920K, 76% used [0x00000000c2000000,0x00000000cbc45e18,0x00000000ced00000)
 Metaspace       used 10648K, capacity 10914K, committed 11264K, reserved 1058816K
  class space    used 1319K, capacity 1413K, committed 1536K, reserved 1048576K
}

