# JRE version: Java(TM) SE Runtime Environment (8.0_181-b13) (build 1.8.0_181-b13)
# Java VM: Java HotSpot(TM) 64-Bit Server VM (25.181-b13 mixed mode windows-amd64 compressed oops)
Heap:
 PSYoungGen      total 56832K, used 19446K [0x00000000eb580000, 0x00000000ef380000, 0x0000000100000000)
  eden space 50688K, 38% used [0x00000000eb580000,0x00000000ec87da58,0x00000000ee700000)
  from space 6144K, 0% used [0x00000000eed00000,0x00000000eed00000,0x00000000ef300000)
  to   space 6144K, 0% used [0x00000000ee700000,0x00000000ee700000,0x00000000eed00000)
 ParOldGen       total 101888K, used 67061K [0x00000000c2000000, 0x00000000c8380000, 0x00000000eb580000)
  object space 101888K, 65% used [0x00000000c2000000,0x00000000c617d500,0x00000000c8380000)
 Metaspace       used 12349K, capacity 12530K, committed 12672K, reserved 1060864K
  class space    used 1513K, capacity 1609K, committed 1664K, reserved 1048576K
GC Heap History (10 events):
Event: 11.428 GC heap before
{Heap before GC invocations=16 (full 6):
 PSYoungGen      total 46080K, used 12344K [0x00000000eb580000, 0x00000000eea80000, 0x0000000100000000)
  eden space 40448K, 30% used [0x00000000eb580000,0x00000000ec18e020,0x00000000edd00000)
  from space 5632K, 0% used [0x00000000edd00000,0x00000000edd00000,0x00000000ee280000)
  to   space 5632K, 0% used [0x00000000ee500000,0x00000000ee500000,0x00000000eea80000)
 ParOldGen       total 101888K, used 63336K [0x00000000c2000000, 0x00000000c8380000, 0x00000000eb580000)
  object space 101888K, 62% used [0x00000000c2000000,0x00000000c5dda100,0x00000000c8380000)
 Metaspace       used 11582K, capacity 11784K, committed 12032K, reserved 1060864K
  class space    used 1417K, capacity 1512K, committed 1536K, reserved 1048576K
Event: 11.432 GC heap after
Heap after GC invocations=16 (full 6):
 PSYoungGen      total 46592K, used 3863K [0x00000000eb580000, 0x00000000eea00000, 0x0000000100000000)
  eden space 41472K, 0% used [0x00000000eb580000,0x00000000eb580000,0x00000000ede00000)
  from space 5120K, 75% used [0x00000000ee500000,0x00000000ee8c5c90,0x00000000eea00000)
  to   space 6144K, 0% used [0x00000000ede00000,0x00000000ede00000,0x00000000ee400000)
 ParOldGen       total 101888K, used 70678K [0x00000000c2000000, 0x00000000c8380000, 0x00000000eb580000)
  object space 101888K, 69% used [0x00000000c2000000,0x00000000c6505a20,0x00000000c8380000)
 Metaspace       used 11582K, capacity 11784K, committed 12032K, reserved 1060864K
  class space    used 1417K, capacity 1512K, committed 1536K, reserved 1048576K
}
Event: 11.432 GC heap before
{Heap before GC invocations=17 (full 6):
 PSYoungGen      total 46592K, used 3863K [0x00000000eb580000, 0x00000000eea00000, 0x0000000100000000)
  eden space 41472K, 0% used [0x00000000eb580000,0x00000000eb580000,0x00000000ede00000)
  from space 5120K, 75% used [0x00000000ee500000,0x00000000ee8c5c90,0x00000000eea00000)
  to   space 6144K, 0% used [0x00000000ede00000,0x00000000ede00000,0x00000000ee400000)
 ParOldGen       total 101888K, used 70678K [0x00000000c2000000, 0x00000000c8380000, 0x00000000eb580000)
  object space 101888K, 69% used [0x00000000c2000000,0x00000000c6505a20,0x00000000c8380000)
 Metaspace       used 11582K, capacity 11784K, committed 12032K, reserved 1060864K
  class space    used 1417K, capacity 1512K, committed 1536K, reserved 1048576K
Event: 11.433 GC heap after
Heap after GC invocations=17 (full 6):
 PSYoungGen      total 47616K, used 192K [0x00000000eb580000, 0x00000000ef300000, 0x0000000100000000)
  eden space 41472K, 0% used [0x00000000eb580000,0x00000000eb580000,0x00000000ede00000)
  from space 6144K, 3% used [0x00000000ede00000,0x00000000ede30000,0x00000000ee400000)
  to   space 6144K, 0% used [0x00000000eed00000,0x00000000eed00000,0x00000000ef300000)
 ParOldGen       total 101888K, used 70678K [0x00000000c2000000, 0x00000000c8380000, 0x00000000eb580000)
  object space 101888K, 69% used [0x00000000c2000000,0x00000000c6505a20,0x00000000c8380000)
 Metaspace       used 11582K, capacity 11784K, committed 12032K, reserved 1060864K
  class space    used 1417K, capacity 1512K, committed 1536K, reserved 1048576K
}
Event: 11.433 GC heap before
{Heap before GC invocations=18 (full 7):
 PSYoungGen      total 47616K, used 192K [0x00000000eb580000, 0x00000000ef300000, 0x0000000100000000)
  eden space 41472K, 0% used [0x00000000eb580000,0x00000000eb580000,0x00000000ede00000)
  from space 6144K, 3% used [0x00000000ede00000,0x00000000ede30000,0x00000000ee400000)
  to   space 6144K, 0% used [0x00000000eed00000,0x00000000eed00000,0x00000000ef300000)
 ParOldGen       total 101888K, used 70678K [0x00000000c2000000, 0x00000000c8380000, 0x00000000eb580000)
  object space 101888K, 69% used [0x00000000c2000000,0x00000000c6505a20,0x00000000c8380000)
 Metaspace       used 11582K, capacity 11784K, committed 12032K, reserved 1060864K
  class space    used 1417K, capacity 1512K, committed 1536K, reserved 1048576K
Event: 11.447 GC heap after
Heap after GC invocations=18 (full 7):
 PSYoungGen      total 47616K, used 0K [0x00000000eb580000, 0x00000000ef300000, 0x0000000100000000)
  eden space 41472K, 0% used [0x00000000eb580000,0x00000000eb580000,0x00000000ede00000)
  from space 6144K, 0% used [0x00000000ede00000,0x00000000ede00000,0x00000000ee400000)
  to   space 6144K, 0% used [0x00000000eed00000,0x00000000eed00000,0x00000000ef300000)
 ParOldGen       total 101888K, used 67105K [0x00000000c2000000, 0x00000000c8380000, 0x00000000eb580000)
  object space 101888K, 65% used [0x00000000c2000000,0x00000000c6188570,0x00000000c8380000)
 Metaspace       used 11582K, capacity 11784K, committed 12032K, reserved 1060864K
  class space    used 1417K, capacity 1512K, committed 1536K, reserved 1048576K
}
Event: 11.447 GC heap before
{Heap before GC invocations=19 (full 7):
 PSYoungGen      total 47616K, used 0K [0x00000000eb580000, 0x00000000ef300000, 0x0000000100000000)
  eden space 41472K, 0% used [0x00000000eb580000,0x00000000eb580000,0x00000000ede00000)
  from space 6144K, 0% used [0x00000000ede00000,0x00000000ede00000,0x00000000ee400000)
  to   space 6144K, 0% used [0x00000000eed00000,0x00000000eed00000,0x00000000ef300000)
 ParOldGen       total 101888K, used 67105K [0x00000000c2000000, 0x00000000c8380000, 0x00000000eb580000)
  object space 101888K, 65% used [0x00000000c2000000,0x00000000c6188570,0x00000000c8380000)
 Metaspace       used 11582K, capacity 11784K, committed 12032K, reserved 1060864K
  class space    used 1417K, capacity 1512K, committed 1536K, reserved 1048576K
Event: 11.448 GC heap after
Heap after GC invocations=19 (full 7):
 PSYoungGen      total 56832K, used 0K [0x00000000eb580000, 0x00000000ef380000, 0x0000000100000000)
  eden space 50688K, 0% used [0x00000000eb580000,0x00000000eb580000,0x00000000ee700000)
  from space 6144K, 0% used [0x00000000eed00000,0x00000000eed00000,0x00000000ef300000)
  to   space 6144K, 0% used [0x00000000ee700000,0x00000000ee700000,0x00000000eed00000)
 ParOldGen       total 101888K, used 67105K [0x00000000c2000000, 0x00000000c8380000, 0x00000000eb580000)
  object space 101888K, 65% used [0x00000000c2000000,0x00000000c6188570,0x00000000c8380000)
 Metaspace       used 11582K, capacity 11784K, committed 12032K, reserved 1060864K
  class space    used 1417K, capacity 1512K, committed 1536K, reserved 1048576K
}
Event: 11.448 GC heap before
{Heap before GC invocations=20 (full 8):
 PSYoungGen      total 56832K, used 0K [0x00000000eb580000, 0x00000000ef380000, 0x0000000100000000)
  eden space 50688K, 0% used [0x00000000eb580000,0x00000000eb580000,0x00000000ee700000)
  from space 6144K, 0% used [0x00000000eed00000,0x00000000eed00000,0x00000000ef300000)
  to   space 6144K, 0% used [0x00000000ee700000,0x00000000ee700000,0x00000000eed00000)
 ParOldGen       total 101888K, used 67105K [0x00000000c2000000, 0x00000000c8380000, 0x00000000eb580000)
  object space 101888K, 65% used [0x00000000c2000000,0x00000000c6188570,0x00000000c8380000)
 Metaspace       used 11582K, capacity 11784K, committed 12032K, reserved 1060864K
  class space    used 1417K, capacity 1512K, committed 1536K, reserved 1048576K
Event: 11.482 GC heap after
Heap after GC invocations=20 (full 8):
 PSYoungGen      total 56832K, used 0K [0x00000000eb580000, 0x00000000ef380000, 0x0000000100000000)
  eden space 50688K, 0% used [0x00000000eb580000,0x00000000eb580000,0x00000000ee700000)
  from space 6144K, 0% used [0x00000000eed00000,0x00000000eed00000,0x00000000ef300000)
  to   space 6144K, 0% used [0x00000000ee700000,0x00000000ee700000,0x00000000eed00000)
 ParOldGen       total 101888K, used 67061K [0x00000000c2000000, 0x00000000c8380000, 0x00000000eb580000)
  object space 101888K, 65% used [0x00000000c2000000,0x00000000c617d500,0x00000000c8380000)
 Metaspace       used 11582K, capacity 11784K, committed 12032K, reserved 1060864K
  class space    used 1417K, capacity 1512K, committed 1536K, reserved 1048576K
}

