# JRE version: Java(TM) SE Runtime Environment (8.0_181-b13) (build 1.8.0_181-b13)
# Java VM: Java HotSpot(TM) 64-Bit Server VM (25.181-b13 mixed mode windows-amd64 compressed oops)
Heap:
 PSYoungGen      total 18432K, used 15763K [0x00000000eb580000, 0x00000000eca00000, 0x0000000100000000)
  eden space 15872K, 99% used [0x00000000eb580000,0x00000000ec4e4d68,0x00000000ec500000)
  from space 2560K, 0% used [0x00000000ec780000,0x00000000ec780000,0x00000000eca00000)
  to   space 2560K, 0% used [0x00000000ec500000,0x00000000ec500000,0x00000000ec780000)
 ParOldGen       total 60416K, used 58969K [0x00000000c2000000, 0x00000000c5b00000, 0x00000000eb580000)
  object space 60416K, 97% used [0x00000000c2000000,0x00000000c59966d8,0x00000000c5b00000)
 Metaspace       used 12272K, capacity 12498K, committed 12672K, reserved 1060864K
  class space    used 1506K, capacity 1577K, committed 1664K, reserved 1048576K
GC Heap History (10 events):
Event: 9.591 GC heap before
{Heap before GC invocations=19 (full 17):
 PSYoungGen      total 18432K, used 15872K [0x00000000eb580000, 0x00000000eca00000, 0x0000000100000000)
  eden space 15872K, 100% used [0x00000000eb580000,0x00000000ec500000,0x00000000ec500000)
  from space 2560K, 0% used [0x00000000ec780000,0x00000000ec780000,0x00000000eca00000)
  to   space 2560K, 0% used [0x00000000ec500000,0x00000000ec500000,0x00000000ec780000)
 ParOldGen       total 60416K, used 59150K [0x00000000c2000000, 0x00000000c5b00000, 0x00000000eb580000)
  object space 60416K, 97% used [0x00000000c2000000,0x00000000c59c39f8,0x00000000c5b00000)
 Metaspace       used 11502K, capacity 11688K, committed 11776K, reserved 1058816K
  class space    used 1409K, capacity 1480K, committed 1536K, reserved 1048576K
Event: 9.604 GC heap after
Heap after GC invocations=19 (full 17):
 PSYoungGen      total 18432K, used 11751K [0x00000000eb580000, 0x00000000eca00000, 0x0000000100000000)
  eden space 15872K, 74% used [0x00000000eb580000,0x00000000ec0f9f18,0x00000000ec500000)
  from space 2560K, 0% used [0x00000000ec780000,0x00000000ec780000,0x00000000eca00000)
  to   space 2560K, 0% used [0x00000000ec500000,0x00000000ec500000,0x00000000ec780000)
 ParOldGen       total 60416K, used 58978K [0x00000000c2000000, 0x00000000c5b00000, 0x00000000eb580000)
  object space 60416K, 97% used [0x00000000c2000000,0x00000000c5998820,0x00000000c5b00000)
 Metaspace       used 11502K, capacity 11688K, committed 11776K, reserved 1058816K
  class space    used 1409K, capacity 1480K, committed 1536K, reserved 1048576K
}
Event: 10.490 GC heap before
{Heap before GC invocations=20 (full 18):
 PSYoungGen      total 18432K, used 15539K [0x00000000eb580000, 0x00000000eca00000, 0x0000000100000000)
  eden space 15872K, 97% used [0x00000000eb580000,0x00000000ec4accf8,0x00000000ec500000)
  from space 2560K, 0% used [0x00000000ec780000,0x00000000ec780000,0x00000000eca00000)
  to   space 2560K, 0% used [0x00000000ec500000,0x00000000ec500000,0x00000000ec780000)
 ParOldGen       total 60416K, used 58978K [0x00000000c2000000, 0x00000000c5b00000, 0x00000000eb580000)
  object space 60416K, 97% used [0x00000000c2000000,0x00000000c5998820,0x00000000c5b00000)
 Metaspace       used 11764K, capacity 11976K, committed 12032K, reserved 1060864K
  class space    used 1452K, capacity 1512K, committed 1536K, reserved 1048576K
Event: 10.548 GC heap after
Heap after GC invocations=20 (full 18):
 PSYoungGen      total 18432K, used 11770K [0x00000000eb580000, 0x00000000eca00000, 0x0000000100000000)
  eden space 15872K, 74% used [0x00000000eb580000,0x00000000ec0fea98,0x00000000ec500000)
  from space 2560K, 0% used [0x00000000ec780000,0x00000000ec780000,0x00000000eca00000)
  to   space 2560K, 0% used [0x00000000ec500000,0x00000000ec500000,0x00000000ec780000)
 ParOldGen       total 60416K, used 58970K [0x00000000c2000000, 0x00000000c5b00000, 0x00000000eb580000)
  object space 60416K, 97% used [0x00000000c2000000,0x00000000c5996b98,0x00000000c5b00000)
 Metaspace       used 11764K, capacity 11976K, committed 12032K, reserved 1060864K
  class space    used 1452K, capacity 1512K, committed 1536K, reserved 1048576K
}
Event: 11.920 GC heap before
{Heap before GC invocations=21 (full 19):
 PSYoungGen      total 18432K, used 15872K [0x00000000eb580000, 0x00000000eca00000, 0x0000000100000000)
  eden space 15872K, 100% used [0x00000000eb580000,0x00000000ec500000,0x00000000ec500000)
  from space 2560K, 0% used [0x00000000ec780000,0x00000000ec780000,0x00000000eca00000)
  to   space 2560K, 0% used [0x00000000ec500000,0x00000000ec500000,0x00000000ec780000)
 ParOldGen       total 60416K, used 58970K [0x00000000c2000000, 0x00000000c5b00000, 0x00000000eb580000)
  object space 60416K, 97% used [0x00000000c2000000,0x00000000c5996b98,0x00000000c5b00000)
 Metaspace       used 11916K, capacity 12136K, committed 12416K, reserved 1060864K
  class space    used 1473K, capacity 1544K, committed 1664K, reserved 1048576K
Event: 11.985 GC heap after
Heap after GC invocations=21 (full 19):
 PSYoungGen      total 18432K, used 15469K [0x00000000eb580000, 0x00000000eca00000, 0x0000000100000000)
  eden space 15872K, 97% used [0x00000000eb580000,0x00000000ec49b6a8,0x00000000ec500000)
  from space 2560K, 0% used [0x00000000ec780000,0x00000000ec780000,0x00000000eca00000)
  to   space 2560K, 0% used [0x00000000ec500000,0x00000000ec500000,0x00000000ec780000)
 ParOldGen       total 60416K, used 58970K [0x00000000c2000000, 0x00000000c5b00000, 0x00000000eb580000)
  object space 60416K, 97% used [0x00000000c2000000,0x00000000c5996a50,0x00000000c5b00000)
 Metaspace       used 11916K, capacity 12136K, committed 12416K, reserved 1060864K
  class space    used 1473K, capacity 1544K, committed 1664K, reserved 1048576K
}
Event: 15.345 GC heap before
{Heap before GC invocations=22 (full 20):
 PSYoungGen      total 18432K, used 15872K [0x00000000eb580000, 0x00000000eca00000, 0x0000000100000000)
  eden space 15872K, 100% used [0x00000000eb580000,0x00000000ec500000,0x00000000ec500000)
  from space 2560K, 0% used [0x00000000ec780000,0x00000000ec780000,0x00000000eca00000)
  to   space 2560K, 0% used [0x00000000ec500000,0x00000000ec500000,0x00000000ec780000)
 ParOldGen       total 60416K, used 58970K [0x00000000c2000000, 0x00000000c5b00000, 0x00000000eb580000)
  object space 60416K, 97% used [0x00000000c2000000,0x00000000c5996a50,0x00000000c5b00000)
 Metaspace       used 12107K, capacity 12268K, committed 12416K, reserved 1060864K
  class space    used 1491K, capacity 1544K, committed 1664K, reserved 1048576K
Event: 15.394 GC heap after
Heap after GC invocations=22 (full 20):
 PSYoungGen      total 18432K, used 15492K [0x00000000eb580000, 0x00000000eca00000, 0x0000000100000000)
  eden space 15872K, 97% used [0x00000000eb580000,0x00000000ec4a11a8,0x00000000ec500000)
  from space 2560K, 0% used [0x00000000ec780000,0x00000000ec780000,0x00000000eca00000)
  to   space 2560K, 0% used [0x00000000ec500000,0x00000000ec500000,0x00000000ec780000)
 ParOldGen       total 60416K, used 58970K [0x00000000c2000000, 0x00000000c5b00000, 0x00000000eb580000)
  object space 60416K, 97% used [0x00000000c2000000,0x00000000c59968f0,0x00000000c5b00000)
 Metaspace       used 12107K, capacity 12268K, committed 12416K, reserved 1060864K
  class space    used 1491K, capacity 1544K, committed 1664K, reserved 1048576K
}
Event: 18.595 GC heap before
{Heap before GC invocations=23 (full 21):
 PSYoungGen      total 18432K, used 15872K [0x00000000eb580000, 0x00000000eca00000, 0x0000000100000000)
  eden space 15872K, 100% used [0x00000000eb580000,0x00000000ec500000,0x00000000ec500000)
  from space 2560K, 0% used [0x00000000ec780000,0x00000000ec780000,0x00000000eca00000)
  to   space 2560K, 0% used [0x00000000ec500000,0x00000000ec500000,0x00000000ec780000)
 ParOldGen       total 60416K, used 58970K [0x00000000c2000000, 0x00000000c5b00000, 0x00000000eb580000)
  object space 60416K, 97% used [0x00000000c2000000,0x00000000c59968f0,0x00000000c5b00000)
 Metaspace       used 12209K, capacity 12434K, committed 12672K, reserved 1060864K
  class space    used 1506K, capacity 1577K, committed 1664K, reserved 1048576K
Event: 18.673 GC heap after
Heap after GC invocations=23 (full 21):
 PSYoungGen      total 18432K, used 15527K [0x00000000eb580000, 0x00000000eca00000, 0x0000000100000000)
  eden space 15872K, 97% used [0x00000000eb580000,0x00000000ec4a9e48,0x00000000ec500000)
  from space 2560K, 0% used [0x00000000ec780000,0x00000000ec780000,0x00000000eca00000)
  to   space 2560K, 0% used [0x00000000ec500000,0x00000000ec500000,0x00000000ec780000)
 ParOldGen       total 60416K, used 58969K [0x00000000c2000000, 0x00000000c5b00000, 0x00000000eb580000)
  object space 60416K, 97% used [0x00000000c2000000,0x00000000c59966d8,0x00000000c5b00000)
 Metaspace       used 12209K, capacity 12434K, committed 12672K, reserved 1060864K
  class space    used 1506K, capacity 1577K, committed 1664K, reserved 1048576K
}

