# JRE version: Java(TM) SE Runtime Environment (8.0_181-b13) (build 1.8.0_181-b13)
# Java VM: Java HotSpot(TM) 64-Bit Server VM (25.181-b13 mixed mode windows-amd64 compressed oops)
Heap:
 PSYoungGen      total 27136K, used 9225K [0x00000000eb580000, 0x00000000ed680000, 0x0000000100000000)
  eden space 26624K, 34% used [0x00000000eb580000,0x00000000ebe824e8,0x00000000ecf80000)
  from space 512K, 0% used [0x00000000ed600000,0x00000000ed600000,0x00000000ed680000)
  to   space 2560K, 0% used [0x00000000ed180000,0x00000000ed180000,0x00000000ed400000)
 ParOldGen       total 172544K, used 158439K [0x00000000c2000000, 0x00000000cc880000, 0x00000000eb580000)
  object space 172544K, 91% used [0x00000000c2000000,0x00000000cbab9f00,0x00000000cc880000)
 Metaspace       used 10311K, capacity 10514K, committed 10624K, reserved 1060864K
  class space    used 1296K, capacity 1387K, committed 1408K, reserved 1048576K
GC Heap History (10 events):
Event: 1.337 GC heap before
{Heap before GC invocations=8 (full 4):
 PSYoungGen      total 27136K, used 26624K [0x00000000eb580000, 0x00000000ed680000, 0x0000000100000000)
  eden space 26624K, 100% used [0x00000000eb580000,0x00000000ecf80000,0x00000000ecf80000)
  from space 512K, 0% used [0x00000000ed600000,0x00000000ed600000,0x00000000ed680000)
  to   space 2560K, 0% used [0x00000000ed180000,0x00000000ed180000,0x00000000ed400000)
 ParOldGen       total 172544K, used 154870K [0x00000000c2000000, 0x00000000cc880000, 0x00000000eb580000)
  object space 172544K, 89% used [0x00000000c2000000,0x00000000cb73da08,0x00000000cc880000)
 Metaspace       used 8042K, capacity 8194K, committed 8320K, reserved 1056768K
  class space    used 984K, capacity 1065K, committed 1152K, reserved 1048576K
Event: 1.346 GC heap after
Heap after GC invocations=8 (full 4):
 PSYoungGen      total 27136K, used 0K [0x00000000eb580000, 0x00000000ed680000, 0x0000000100000000)
  eden space 26624K, 0% used [0x00000000eb580000,0x00000000eb580000,0x00000000ecf80000)
  from space 512K, 0% used [0x00000000ed600000,0x00000000ed600000,0x00000000ed680000)
  to   space 2560K, 0% used [0x00000000ed180000,0x00000000ed180000,0x00000000ed400000)
 ParOldGen       total 172544K, used 154873K [0x00000000c2000000, 0x00000000cc880000, 0x00000000eb580000)
  object space 172544K, 89% used [0x00000000c2000000,0x00000000cb73e568,0x00000000cc880000)
 Metaspace       used 8042K, capacity 8194K, committed 8320K, reserved 1056768K
  class space    used 984K, capacity 1065K, committed 1152K, reserved 1048576K
}
Event: 1.659 GC heap before
{Heap before GC invocations=9 (full 5):
 PSYoungGen      total 27136K, used 26624K [0x00000000eb580000, 0x00000000ed680000, 0x0000000100000000)
  eden space 26624K, 100% used [0x00000000eb580000,0x00000000ecf80000,0x00000000ecf80000)
  from space 512K, 0% used [0x00000000ed600000,0x00000000ed600000,0x00000000ed680000)
  to   space 2560K, 0% used [0x00000000ed180000,0x00000000ed180000,0x00000000ed400000)
 ParOldGen       total 172544K, used 154873K [0x00000000c2000000, 0x00000000cc880000, 0x00000000eb580000)
  object space 172544K, 89% used [0x00000000c2000000,0x00000000cb73e568,0x00000000cc880000)
 Metaspace       used 8042K, capacity 8194K, committed 8320K, reserved 1056768K
  class space    used 984K, capacity 1065K, committed 1152K, reserved 1048576K
Event: 1.668 GC heap after
Heap after GC invocations=9 (full 5):
 PSYoungGen      total 27136K, used 0K [0x00000000eb580000, 0x00000000ed680000, 0x0000000100000000)
  eden space 26624K, 0% used [0x00000000eb580000,0x00000000eb580000,0x00000000ecf80000)
  from space 512K, 0% used [0x00000000ed600000,0x00000000ed600000,0x00000000ed680000)
  to   space 2560K, 0% used [0x00000000ed180000,0x00000000ed180000,0x00000000ed400000)
 ParOldGen       total 172544K, used 154876K [0x00000000c2000000, 0x00000000cc880000, 0x00000000eb580000)
  object space 172544K, 89% used [0x00000000c2000000,0x00000000cb73f338,0x00000000cc880000)
 Metaspace       used 8042K, capacity 8194K, committed 8320K, reserved 1056768K
  class space    used 984K, capacity 1065K, committed 1152K, reserved 1048576K
}
Event: 1.960 GC heap before
{Heap before GC invocations=10 (full 6):
 PSYoungGen      total 27136K, used 26624K [0x00000000eb580000, 0x00000000ed680000, 0x0000000100000000)
  eden space 26624K, 100% used [0x00000000eb580000,0x00000000ecf80000,0x00000000ecf80000)
  from space 512K, 0% used [0x00000000ed600000,0x00000000ed600000,0x00000000ed680000)
  to   space 2560K, 0% used [0x00000000ed180000,0x00000000ed180000,0x00000000ed400000)
 ParOldGen       total 172544K, used 154876K [0x00000000c2000000, 0x00000000cc880000, 0x00000000eb580000)
  object space 172544K, 89% used [0x00000000c2000000,0x00000000cb73f338,0x00000000cc880000)
 Metaspace       used 8042K, capacity 8194K, committed 8320K, reserved 1056768K
  class space    used 984K, capacity 1065K, committed 1152K, reserved 1048576K
Event: 1.968 GC heap after
Heap after GC invocations=10 (full 6):
 PSYoungGen      total 27136K, used 0K [0x00000000eb580000, 0x00000000ed680000, 0x0000000100000000)
  eden space 26624K, 0% used [0x00000000eb580000,0x00000000eb580000,0x00000000ecf80000)
  from space 512K, 0% used [0x00000000ed600000,0x00000000ed600000,0x00000000ed680000)
  to   space 2560K, 0% used [0x00000000ed180000,0x00000000ed180000,0x00000000ed400000)
 ParOldGen       total 172544K, used 154876K [0x00000000c2000000, 0x00000000cc880000, 0x00000000eb580000)
  object space 172544K, 89% used [0x00000000c2000000,0x00000000cb73f3e0,0x00000000cc880000)
 Metaspace       used 8042K, capacity 8194K, committed 8320K, reserved 1056768K
  class space    used 984K, capacity 1065K, committed 1152K, reserved 1048576K
}
Event: 2.367 GC heap before
{Heap before GC invocations=11 (full 7):
 PSYoungGen      total 27136K, used 26624K [0x00000000eb580000, 0x00000000ed680000, 0x0000000100000000)
  eden space 26624K, 100% used [0x00000000eb580000,0x00000000ecf80000,0x00000000ecf80000)
  from space 512K, 0% used [0x00000000ed600000,0x00000000ed600000,0x00000000ed680000)
  to   space 2560K, 0% used [0x00000000ed180000,0x00000000ed180000,0x00000000ed400000)
 ParOldGen       total 172544K, used 154876K [0x00000000c2000000, 0x00000000cc880000, 0x00000000eb580000)
  object space 172544K, 89% used [0x00000000c2000000,0x00000000cb73f3e0,0x00000000cc880000)
 Metaspace       used 8042K, capacity 8194K, committed 8320K, reserved 1056768K
  class space    used 984K, capacity 1065K, committed 1152K, reserved 1048576K
Event: 2.375 GC heap after
Heap after GC invocations=11 (full 7):
 PSYoungGen      total 27136K, used 0K [0x00000000eb580000, 0x00000000ed680000, 0x0000000100000000)
  eden space 26624K, 0% used [0x00000000eb580000,0x00000000eb580000,0x00000000ecf80000)
  from space 512K, 0% used [0x00000000ed600000,0x00000000ed600000,0x00000000ed680000)
  to   space 2560K, 0% used [0x00000000ed180000,0x00000000ed180000,0x00000000ed400000)
 ParOldGen       total 172544K, used 154876K [0x00000000c2000000, 0x00000000cc880000, 0x00000000eb580000)
  object space 172544K, 89% used [0x00000000c2000000,0x00000000cb73f3e0,0x00000000cc880000)
 Metaspace       used 8042K, capacity 8194K, committed 8320K, reserved 1056768K
  class space    used 984K, capacity 1065K, committed 1152K, reserved 1048576K
}
Event: 2.601 GC heap before
{Heap before GC invocations=12 (full 8):
 PSYoungGen      total 27136K, used 24474K [0x00000000eb580000, 0x00000000ed680000, 0x0000000100000000)
  eden space 26624K, 91% used [0x00000000eb580000,0x00000000ecd66b80,0x00000000ecf80000)
  from space 512K, 0% used [0x00000000ed600000,0x00000000ed600000,0x00000000ed680000)
  to   space 2560K, 0% used [0x00000000ed180000,0x00000000ed180000,0x00000000ed400000)
 ParOldGen       total 172544K, used 154876K [0x00000000c2000000, 0x00000000cc880000, 0x00000000eb580000)
  object space 172544K, 89% used [0x00000000c2000000,0x00000000cb73f3e0,0x00000000cc880000)
 Metaspace       used 8068K, capacity 8258K, committed 8576K, reserved 1056768K
  class space    used 987K, capacity 1065K, committed 1152K, reserved 1048576K
Event: 2.675 GC heap after
Heap after GC invocations=12 (full 8):
 PSYoungGen      total 27136K, used 0K [0x00000000eb580000, 0x00000000ed680000, 0x0000000100000000)
  eden space 26624K, 0% used [0x00000000eb580000,0x00000000eb580000,0x00000000ecf80000)
  from space 512K, 0% used [0x00000000ed600000,0x00000000ed600000,0x00000000ed680000)
  to   space 2560K, 0% used [0x00000000ed180000,0x00000000ed180000,0x00000000ed400000)
 ParOldGen       total 172544K, used 158439K [0x00000000c2000000, 0x00000000cc880000, 0x00000000eb580000)
  object space 172544K, 91% used [0x00000000c2000000,0x00000000cbab9f00,0x00000000cc880000)
 Metaspace       used 8068K, capacity 8258K, committed 8576K, reserved 1056768K
  class space    used 987K, capacity 1065K, committed 1152K, reserved 1048576K
}

