# JRE version: Java(TM) SE Runtime Environment (8.0_181-b13) (build 1.8.0_181-b13)
# Java VM: Java HotSpot(TM) 64-Bit Server VM (25.181-b13 mixed mode windows-amd64 compressed oops)
Heap:
 PSYoungGen      total 22528K, used 19121K [0x00000000eb580000, 0x00000000ed700000, 0x0000000100000000)
  eden space 20992K, 84% used [0x00000000eb580000,0x00000000ec6bf848,0x00000000eca00000)
  from space 1536K, 95% used [0x00000000ed580000,0x00000000ed6ecf90,0x00000000ed700000)
  to   space 2560K, 0% used [0x00000000ed200000,0x00000000ed200000,0x00000000ed480000)
 ParOldGen       total 30208K, used 14012K [0x00000000c2000000, 0x00000000c3d80000, 0x00000000eb580000)
  object space 30208K, 46% used [0x00000000c2000000,0x00000000c2daf1a8,0x00000000c3d80000)
 Metaspace       used 11029K, capacity 11298K, committed 11520K, reserved 1058816K
  class space    used 1322K, capacity 1413K, committed 1536K, reserved 1048576K
GC Heap History (10 events):
Event: 0.714 GC heap before
{Heap before GC invocations=2 (full 0):
 PSYoungGen      total 18432K, used 1952K [0x00000000eb580000, 0x00000000eca00000, 0x0000000100000000)
  eden space 15872K, 0% used [0x00000000eb580000,0x00000000eb580000,0x00000000ec500000)
  from space 2560K, 76% used [0x00000000ec500000,0x00000000ec6e8000,0x00000000ec780000)
  to   space 2560K, 0% used [0x00000000ec780000,0x00000000ec780000,0x00000000eca00000)
 ParOldGen       total 42496K, used 8K [0x00000000c2000000, 0x00000000c4980000, 0x00000000eb580000)
  object space 42496K, 0% used [0x00000000c2000000,0x00000000c2002000,0x00000000c4980000)
 Metaspace       used 9856K, capacity 10106K, committed 10368K, reserved 1058816K
  class space    used 1237K, capacity 1321K, committed 1408K, reserved 1048576K
Event: 0.718 GC heap after
Heap after GC invocations=2 (full 0):
 PSYoungGen      total 18432K, used 1920K [0x00000000eb580000, 0x00000000ed980000, 0x0000000100000000)
  eden space 15872K, 0% used [0x00000000eb580000,0x00000000eb580000,0x00000000ec500000)
  from space 2560K, 75% used [0x00000000ec780000,0x00000000ec960000,0x00000000eca00000)
  to   space 2560K, 0% used [0x00000000ec500000,0x00000000ec500000,0x00000000ec780000)
 ParOldGen       total 42496K, used 8K [0x00000000c2000000, 0x00000000c4980000, 0x00000000eb580000)
  object space 42496K, 0% used [0x00000000c2000000,0x00000000c2002000,0x00000000c4980000)
 Metaspace       used 9856K, capacity 10106K, committed 10368K, reserved 1058816K
  class space    used 1237K, capacity 1321K, committed 1408K, reserved 1048576K
}
Event: 0.718 GC heap before
{Heap before GC invocations=3 (full 1):
 PSYoungGen      total 18432K, used 1920K [0x00000000eb580000, 0x00000000ed980000, 0x0000000100000000)
  eden space 15872K, 0% used [0x00000000eb580000,0x00000000eb580000,0x00000000ec500000)
  from space 2560K, 75% used [0x00000000ec780000,0x00000000ec960000,0x00000000eca00000)
  to   space 2560K, 0% used [0x00000000ec500000,0x00000000ec500000,0x00000000ec780000)
 ParOldGen       total 42496K, used 8K [0x00000000c2000000, 0x00000000c4980000, 0x00000000eb580000)
  object space 42496K, 0% used [0x00000000c2000000,0x00000000c2002000,0x00000000c4980000)
 Metaspace       used 9856K, capacity 10106K, committed 10368K, reserved 1058816K
  class space    used 1237K, capacity 1321K, committed 1408K, reserved 1048576K
Event: 0.750 GC heap after
Heap after GC invocations=3 (full 1):
 PSYoungGen      total 18432K, used 0K [0x00000000eb580000, 0x00000000ed980000, 0x0000000100000000)
  eden space 15872K, 0% used [0x00000000eb580000,0x00000000eb580000,0x00000000ec500000)
  from space 2560K, 0% used [0x00000000ec780000,0x00000000ec780000,0x00000000eca00000)
  to   space 2560K, 0% used [0x00000000ec500000,0x00000000ec500000,0x00000000ec780000)
 ParOldGen       total 19456K, used 1819K [0x00000000c2000000, 0x00000000c3300000, 0x00000000eb580000)
  object space 19456K, 9% used [0x00000000c2000000,0x00000000c21c6e08,0x00000000c3300000)
 Metaspace       used 9856K, capacity 10106K, committed 10368K, reserved 1058816K
  class space    used 1237K, capacity 1321K, committed 1408K, reserved 1048576K
}
Event: 0.750 GC heap before
{Heap before GC invocations=4 (full 1):
 PSYoungGen      total 18432K, used 0K [0x00000000eb580000, 0x00000000ed980000, 0x0000000100000000)
  eden space 15872K, 0% used [0x00000000eb580000,0x00000000eb580000,0x00000000ec500000)
  from space 2560K, 0% used [0x00000000ec780000,0x00000000ec780000,0x00000000eca00000)
  to   space 2560K, 0% used [0x00000000ec500000,0x00000000ec500000,0x00000000ec780000)
 ParOldGen       total 19456K, used 1819K [0x00000000c2000000, 0x00000000c3300000, 0x00000000eb580000)
  object space 19456K, 9% used [0x00000000c2000000,0x00000000c21c6e08,0x00000000c3300000)
 Metaspace       used 9856K, capacity 10106K, committed 10368K, reserved 1058816K
  class space    used 1237K, capacity 1321K, committed 1408K, reserved 1048576K
Event: 0.751 GC heap after
Heap after GC invocations=4 (full 1):
 PSYoungGen      total 18432K, used 0K [0x00000000eb580000, 0x00000000ed800000, 0x0000000100000000)
  eden space 15872K, 0% used [0x00000000eb580000,0x00000000eb580000,0x00000000ec500000)
  from space 2560K, 0% used [0x00000000ec500000,0x00000000ec500000,0x00000000ec780000)
  to   space 2560K, 0% used [0x00000000ed580000,0x00000000ed580000,0x00000000ed800000)
 ParOldGen       total 19456K, used 1819K [0x00000000c2000000, 0x00000000c3300000, 0x00000000eb580000)
  object space 19456K, 9% used [0x00000000c2000000,0x00000000c21c6e08,0x00000000c3300000)
 Metaspace       used 9856K, capacity 10106K, committed 10368K, reserved 1058816K
  class space    used 1237K, capacity 1321K, committed 1408K, reserved 1048576K
}
Event: 0.751 GC heap before
{Heap before GC invocations=5 (full 2):
 PSYoungGen      total 18432K, used 0K [0x00000000eb580000, 0x00000000ed800000, 0x0000000100000000)
  eden space 15872K, 0% used [0x00000000eb580000,0x00000000eb580000,0x00000000ec500000)
  from space 2560K, 0% used [0x00000000ec500000,0x00000000ec500000,0x00000000ec780000)
  to   space 2560K, 0% used [0x00000000ed580000,0x00000000ed580000,0x00000000ed800000)
 ParOldGen       total 19456K, used 1819K [0x00000000c2000000, 0x00000000c3300000, 0x00000000eb580000)
  object space 19456K, 9% used [0x00000000c2000000,0x00000000c21c6e08,0x00000000c3300000)
 Metaspace       used 9856K, capacity 10106K, committed 10368K, reserved 1058816K
  class space    used 1237K, capacity 1321K, committed 1408K, reserved 1048576K
Event: 0.791 GC heap after
Heap after GC invocations=5 (full 2):
 PSYoungGen      total 18432K, used 0K [0x00000000eb580000, 0x00000000ed800000, 0x0000000100000000)
  eden space 15872K, 0% used [0x00000000eb580000,0x00000000eb580000,0x00000000ec500000)
  from space 2560K, 0% used [0x00000000ec500000,0x00000000ec500000,0x00000000ec780000)
  to   space 2560K, 0% used [0x00000000ed580000,0x00000000ed580000,0x00000000ed800000)
 ParOldGen       total 30208K, used 1664K [0x00000000c2000000, 0x00000000c3d80000, 0x00000000eb580000)
  object space 30208K, 5% used [0x00000000c2000000,0x00000000c21a0388,0x00000000c3d80000)
 Metaspace       used 9849K, capacity 10096K, committed 10368K, reserved 1058816K
  class space    used 1234K, capacity 1316K, committed 1408K, reserved 1048576K
}
Event: 5.288 GC heap before
{Heap before GC invocations=6 (full 2):
 PSYoungGen      total 18432K, used 15872K [0x00000000eb580000, 0x00000000ed800000, 0x0000000100000000)
  eden space 15872K, 100% used [0x00000000eb580000,0x00000000ec500000,0x00000000ec500000)
  from space 2560K, 0% used [0x00000000ec500000,0x00000000ec500000,0x00000000ec780000)
  to   space 2560K, 0% used [0x00000000ed580000,0x00000000ed580000,0x00000000ed800000)
 ParOldGen       total 30208K, used 1664K [0x00000000c2000000, 0x00000000c3d80000, 0x00000000eb580000)
  object space 30208K, 5% used [0x00000000c2000000,0x00000000c21a0388,0x00000000c3d80000)
 Metaspace       used 10981K, capacity 11234K, committed 11520K, reserved 1058816K
  class space    used 1322K, capacity 1413K, committed 1536K, reserved 1048576K
Event: 5.293 GC heap after
Heap after GC invocations=6 (full 2):
 PSYoungGen      total 22528K, used 1459K [0x00000000eb580000, 0x00000000ed700000, 0x0000000100000000)
  eden space 20992K, 0% used [0x00000000eb580000,0x00000000eb580000,0x00000000eca00000)
  from space 1536K, 95% used [0x00000000ed580000,0x00000000ed6ecf90,0x00000000ed700000)
  to   space 2560K, 0% used [0x00000000ed200000,0x00000000ed200000,0x00000000ed480000)
 ParOldGen       total 30208K, used 14012K [0x00000000c2000000, 0x00000000c3d80000, 0x00000000eb580000)
  object space 30208K, 46% used [0x00000000c2000000,0x00000000c2daf1a8,0x00000000c3d80000)
 Metaspace       used 10981K, capacity 11234K, committed 11520K, reserved 1058816K
  class space    used 1322K, capacity 1413K, committed 1536K, reserved 1048576K
}

