# JRE version: Java(TM) SE Runtime Environment (8.0_181-b13) (build 1.8.0_181-b13)
# Java VM: Java HotSpot(TM) 64-Bit Server VM (25.181-b13 mixed mode windows-amd64 compressed oops)
Heap:
 PSYoungGen      total 18432K, used 15120K [0x00000000eb580000, 0x00000000eca00000, 0x0000000100000000)
  eden space 15872K, 95% used [0x00000000eb580000,0x00000000ec4442e8,0x00000000ec500000)
  from space 2560K, 0% used [0x00000000ec780000,0x00000000ec780000,0x00000000eca00000)
  to   space 2560K, 0% used [0x00000000ec500000,0x00000000ec500000,0x00000000ec780000)
 ParOldGen       total 56320K, used 55349K [0x00000000c2000000, 0x00000000c5700000, 0x00000000eb580000)
  object space 56320K, 98% used [0x00000000c2000000,0x00000000c560d4f0,0x00000000c5700000)
 Metaspace       used 11544K, capacity 11784K, committed 12032K, reserved 1060864K
  class space    used 1417K, capacity 1512K, committed 1536K, reserved 1048576K
GC Heap History (10 events):
Event: 8.456 GC heap before
{Heap before GC invocations=11 (full 9):
 PSYoungGen      total 18432K, used 15872K [0x00000000eb580000, 0x00000000eca00000, 0x0000000100000000)
  eden space 15872K, 100% used [0x00000000eb580000,0x00000000ec500000,0x00000000ec500000)
  from space 2560K, 0% used [0x00000000ec780000,0x00000000ec780000,0x00000000eca00000)
  to   space 2560K, 0% used [0x00000000ec500000,0x00000000ec500000,0x00000000ec780000)
 ParOldGen       total 52224K, used 51678K [0x00000000c2000000, 0x00000000c5300000, 0x00000000eb580000)
  object space 52224K, 98% used [0x00000000c2000000,0x00000000c5277860,0x00000000c5300000)
 Metaspace       used 11517K, capacity 11688K, committed 11776K, reserved 1058816K
  class space    used 1414K, capacity 1480K, committed 1536K, reserved 1048576K
Event: 8.471 GC heap after
Heap after GC invocations=11 (full 9):
 PSYoungGen      total 18432K, used 11644K [0x00000000eb580000, 0x00000000eca00000, 0x0000000100000000)
  eden space 15872K, 73% used [0x00000000eb580000,0x00000000ec0df1f8,0x00000000ec500000)
  from space 2560K, 0% used [0x00000000ec780000,0x00000000ec780000,0x00000000eca00000)
  to   space 2560K, 0% used [0x00000000ec500000,0x00000000ec500000,0x00000000ec780000)
 ParOldGen       total 52224K, used 51678K [0x00000000c2000000, 0x00000000c5300000, 0x00000000eb580000)
  object space 52224K, 98% used [0x00000000c2000000,0x00000000c5277860,0x00000000c5300000)
 Metaspace       used 11517K, capacity 11688K, committed 11776K, reserved 1058816K
  class space    used 1414K, capacity 1480K, committed 1536K, reserved 1048576K
}
Event: 8.646 GC heap before
{Heap before GC invocations=12 (full 10):
 PSYoungGen      total 18432K, used 15370K [0x00000000eb580000, 0x00000000eca00000, 0x0000000100000000)
  eden space 15872K, 96% used [0x00000000eb580000,0x00000000ec482870,0x00000000ec500000)
  from space 2560K, 0% used [0x00000000ec780000,0x00000000ec780000,0x00000000eca00000)
  to   space 2560K, 0% used [0x00000000ec500000,0x00000000ec500000,0x00000000ec780000)
 ParOldGen       total 52224K, used 51678K [0x00000000c2000000, 0x00000000c5300000, 0x00000000eb580000)
  object space 52224K, 98% used [0x00000000c2000000,0x00000000c5277860,0x00000000c5300000)
 Metaspace       used 11530K, capacity 11720K, committed 11776K, reserved 1058816K
  class space    used 1416K, capacity 1512K, committed 1536K, reserved 1048576K
Event: 8.660 GC heap after
Heap after GC invocations=12 (full 10):
 PSYoungGen      total 18432K, used 11672K [0x00000000eb580000, 0x00000000eca00000, 0x0000000100000000)
  eden space 15872K, 73% used [0x00000000eb580000,0x00000000ec0e6310,0x00000000ec500000)
  from space 2560K, 0% used [0x00000000ec780000,0x00000000ec780000,0x00000000eca00000)
  to   space 2560K, 0% used [0x00000000ec500000,0x00000000ec500000,0x00000000ec780000)
 ParOldGen       total 52224K, used 51678K [0x00000000c2000000, 0x00000000c5300000, 0x00000000eb580000)
  object space 52224K, 98% used [0x00000000c2000000,0x00000000c5277860,0x00000000c5300000)
 Metaspace       used 11530K, capacity 11720K, committed 11776K, reserved 1058816K
  class space    used 1416K, capacity 1512K, committed 1536K, reserved 1048576K
}
Event: 8.660 GC heap before
{Heap before GC invocations=13 (full 11):
 PSYoungGen      total 18432K, used 11672K [0x00000000eb580000, 0x00000000eca00000, 0x0000000100000000)
  eden space 15872K, 73% used [0x00000000eb580000,0x00000000ec0e6310,0x00000000ec500000)
  from space 2560K, 0% used [0x00000000ec780000,0x00000000ec780000,0x00000000eca00000)
  to   space 2560K, 0% used [0x00000000ec500000,0x00000000ec500000,0x00000000ec780000)
 ParOldGen       total 52224K, used 51678K [0x00000000c2000000, 0x00000000c5300000, 0x00000000eb580000)
  object space 52224K, 98% used [0x00000000c2000000,0x00000000c5277860,0x00000000c5300000)
 Metaspace       used 11530K, capacity 11720K, committed 11776K, reserved 1058816K
  class space    used 1416K, capacity 1512K, committed 1536K, reserved 1048576K
Event: 8.673 GC heap after
Heap after GC invocations=13 (full 11):
 PSYoungGen      total 18432K, used 11657K [0x00000000eb580000, 0x00000000eca00000, 0x0000000100000000)
  eden space 15872K, 73% used [0x00000000eb580000,0x00000000ec0e2618,0x00000000ec500000)
  from space 2560K, 0% used [0x00000000ec780000,0x00000000ec780000,0x00000000eca00000)
  to   space 2560K, 0% used [0x00000000ec500000,0x00000000ec500000,0x00000000ec780000)
 ParOldGen       total 52224K, used 51678K [0x00000000c2000000, 0x00000000c5300000, 0x00000000eb580000)
  object space 52224K, 98% used [0x00000000c2000000,0x00000000c5277860,0x00000000c5300000)
 Metaspace       used 11530K, capacity 11720K, committed 11776K, reserved 1058816K
  class space    used 1416K, capacity 1512K, committed 1536K, reserved 1048576K
}
Event: 8.677 GC heap before
{Heap before GC invocations=14 (full 12):
 PSYoungGen      total 18432K, used 15637K [0x00000000eb580000, 0x00000000eca00000, 0x0000000100000000)
  eden space 15872K, 98% used [0x00000000eb580000,0x00000000ec4c57c0,0x00000000ec500000)
  from space 2560K, 0% used [0x00000000ec780000,0x00000000ec780000,0x00000000eca00000)
  to   space 2560K, 0% used [0x00000000ec500000,0x00000000ec500000,0x00000000ec780000)
 ParOldGen       total 52224K, used 51678K [0x00000000c2000000, 0x00000000c5300000, 0x00000000eb580000)
  object space 52224K, 98% used [0x00000000c2000000,0x00000000c5277860,0x00000000c5300000)
 Metaspace       used 11530K, capacity 11720K, committed 11776K, reserved 1058816K
  class space    used 1416K, capacity 1512K, committed 1536K, reserved 1048576K
Event: 8.694 GC heap after
Heap after GC invocations=14 (full 12):
 PSYoungGen      total 18432K, used 15360K [0x00000000eb580000, 0x00000000eca00000, 0x0000000100000000)
  eden space 15872K, 96% used [0x00000000eb580000,0x00000000ec4803b8,0x00000000ec500000)
  from space 2560K, 0% used [0x00000000ec780000,0x00000000ec780000,0x00000000eca00000)
  to   space 2560K, 0% used [0x00000000ec500000,0x00000000ec500000,0x00000000ec780000)
 ParOldGen       total 52224K, used 51678K [0x00000000c2000000, 0x00000000c5300000, 0x00000000eb580000)
  object space 52224K, 98% used [0x00000000c2000000,0x00000000c5277860,0x00000000c5300000)
 Metaspace       used 11530K, capacity 11720K, committed 11776K, reserved 1058816K
  class space    used 1416K, capacity 1512K, committed 1536K, reserved 1048576K
}
Event: 8.807 GC heap before
{Heap before GC invocations=15 (full 13):
 PSYoungGen      total 18432K, used 15872K [0x00000000eb580000, 0x00000000eca00000, 0x0000000100000000)
  eden space 15872K, 100% used [0x00000000eb580000,0x00000000ec500000,0x00000000ec500000)
  from space 2560K, 0% used [0x00000000ec780000,0x00000000ec780000,0x00000000eca00000)
  to   space 2560K, 0% used [0x00000000ec500000,0x00000000ec500000,0x00000000ec780000)
 ParOldGen       total 56320K, used 55617K [0x00000000c2000000, 0x00000000c5700000, 0x00000000eb580000)
  object space 56320K, 98% used [0x00000000c2000000,0x00000000c5650548,0x00000000c5700000)
 Metaspace       used 11530K, capacity 11720K, committed 11776K, reserved 1058816K
  class space    used 1416K, capacity 1512K, committed 1536K, reserved 1048576K
Event: 8.820 GC heap after
Heap after GC invocations=15 (full 13):
 PSYoungGen      total 18432K, used 11684K [0x00000000eb580000, 0x00000000eca00000, 0x0000000100000000)
  eden space 15872K, 73% used [0x00000000eb580000,0x00000000ec0e90e0,0x00000000ec500000)
  from space 2560K, 0% used [0x00000000ec780000,0x00000000ec780000,0x00000000eca00000)
  to   space 2560K, 0% used [0x00000000ec500000,0x00000000ec500000,0x00000000ec780000)
 ParOldGen       total 56320K, used 55349K [0x00000000c2000000, 0x00000000c5700000, 0x00000000eb580000)
  object space 56320K, 98% used [0x00000000c2000000,0x00000000c560d4f0,0x00000000c5700000)
 Metaspace       used 11530K, capacity 11720K, committed 11776K, reserved 1058816K
  class space    used 1416K, capacity 1512K, committed 1536K, reserved 1048576K
}

